2020-01-22 13:51:51,179 [Worker-2: Loading available Gradle versions] INFO  o.e.b.c.i.u.g.PublishedGradleVersions - Gradle version information cache is up-to-date. Trying to read.
2020-01-22 13:56:03,638 [Worker-7: Import Getting Started Content] INFO  o.e.m.c.i.l.LifecycleMappingFactory - Using org.eclipse.m2e.jdt.JarLifecycleMapping lifecycle mapping for MavenProject: com.example.robotics:Robotics:0.0.1-SNAPSHOT @ C:\Users\curso\Desktop\Robotics\Robotics\pom.xml.
2020-01-22 13:56:08,646 [Worker-7: Import Getting Started Content] INFO  o.e.m.j.i.AbstractJavaProjectConfigurator - Adding source folder /Robotics/src/main/java
2020-01-22 13:56:08,647 [Worker-7: Import Getting Started Content] INFO  o.e.m.j.i.AbstractJavaProjectConfigurator - Adding resource folder /Robotics/src/main/resources
2020-01-22 13:56:08,666 [Worker-7: Import Getting Started Content] INFO  o.e.m.j.i.AbstractJavaProjectConfigurator - Adding resource folder /Robotics/src/main/resources
2020-01-22 13:56:08,691 [Worker-7: Import Getting Started Content] INFO  o.e.m.j.i.AbstractJavaProjectConfigurator - Adding source folder /Robotics/src/test/java
2020-01-22 13:56:12,734 [Worker-7: Import Getting Started Content] INFO  o.e.m.c.i.p.ProjectConfigurationManager - Imported and configured 1 project(s) in 15 sec
2020-01-22 13:56:12,738 [Worker-7: Import Getting Started Content] INFO  o.e.m.c.i.p.ProjectConfigurationManager - Update started
2020-01-22 13:56:13,710 [Worker-7: Import Getting Started Content] INFO  o.e.m.c.i.l.LifecycleMappingFactory - Using org.eclipse.m2e.jdt.JarLifecycleMapping lifecycle mapping for MavenProject: com.example.robotics:Robotics:0.0.1-SNAPSHOT @ C:\Users\curso\Desktop\Robotics\Robotics\pom.xml.
2020-01-22 13:56:14,815 [Worker-7: Import Getting Started Content] INFO  o.e.m.j.i.AbstractJavaProjectConfigurator - Adding source folder /Robotics/src/main/java
2020-01-22 13:56:14,816 [Worker-7: Import Getting Started Content] INFO  o.e.m.j.i.AbstractJavaProjectConfigurator - Adding resource folder /Robotics/src/main/resources
2020-01-22 13:56:14,816 [Worker-7: Import Getting Started Content] INFO  o.e.m.j.i.AbstractJavaProjectConfigurator - Adding resource folder /Robotics/src/main/resources
2020-01-22 13:56:14,817 [Worker-7: Import Getting Started Content] INFO  o.e.m.j.i.AbstractJavaProjectConfigurator - Adding source folder /Robotics/src/test/java
2020-01-22 13:56:15,370 [Worker-7: Import Getting Started Content] INFO  o.e.m.c.i.p.ProjectConfigurationManager - Update completed: 2 sec
2020-01-22 13:56:17,078 [Worker-1: Building workspace] INFO  o.e.m.c.i.embedder.EclipseLogger - Using 'UTF-8' encoding to copy filtered resources.
2020-01-22 13:56:17,087 [Worker-1: Building workspace] INFO  o.e.m.c.i.embedder.EclipseLogger - Copying 1 resource
2020-01-22 13:56:17,110 [Worker-1: Building workspace] INFO  o.e.m.c.i.embedder.EclipseLogger - Copying 0 resource
2020-01-22 13:56:17,115 [Worker-1: Building workspace] INFO  o.e.m.c.i.embedder.EclipseLogger - Using 'UTF-8' encoding to copy filtered resources.
2020-01-22 13:56:17,115 [Worker-1: Building workspace] INFO  o.e.m.c.i.embedder.EclipseLogger - skip non existing resourceDirectory C:\Users\curso\Desktop\Robotics\Robotics\src\test\resources
2020-01-22 13:57:09,943 [Worker-12: Building workspace] INFO  o.e.m.c.i.embedder.EclipseLogger - Using 'UTF-8' encoding to copy filtered resources.
2020-01-22 13:57:09,947 [Worker-12: Building workspace] INFO  o.e.m.c.i.embedder.EclipseLogger - Copying 0 resource
2020-01-22 13:57:09,955 [Worker-12: Building workspace] INFO  o.e.m.c.i.embedder.EclipseLogger - Copying 224 resources
2020-01-22 13:57:11,863 [Worker-12: Building workspace] INFO  o.e.m.c.i.embedder.EclipseLogger - Using 'UTF-8' encoding to copy filtered resources.
2020-01-22 13:57:11,863 [Worker-12: Building workspace] INFO  o.e.m.c.i.embedder.EclipseLogger - skip non existing resourceDirectory C:\Users\curso\Desktop\Robotics\Robotics\src\test\resources
2020-01-22 13:57:23,555 [Worker-1: Building workspace] INFO  o.e.m.c.i.embedder.EclipseLogger - Using 'UTF-8' encoding to copy filtered resources.
2020-01-22 13:57:23,556 [Worker-1: Building workspace] INFO  o.e.m.c.i.embedder.EclipseLogger - Copying 0 resource
2020-01-22 13:57:23,557 [Worker-1: Building workspace] INFO  o.e.m.c.i.embedder.EclipseLogger - Copying 10 resources
2020-01-22 13:57:23,820 [Worker-1: Building workspace] INFO  o.e.m.c.i.embedder.EclipseLogger - Using 'UTF-8' encoding to copy filtered resources.
2020-01-22 13:57:23,821 [Worker-1: Building workspace] INFO  o.e.m.c.i.embedder.EclipseLogger - skip non existing resourceDirectory C:\Users\curso\Desktop\Robotics\Robotics\src\test\resources
2020-01-22 13:57:44,363 [Worker-11: Building workspace] INFO  o.e.m.c.i.embedder.EclipseLogger - Using 'UTF-8' encoding to copy filtered resources.
2020-01-22 13:57:44,364 [Worker-11: Building workspace] INFO  o.e.m.c.i.embedder.EclipseLogger - Copying 1 resource
2020-01-22 13:57:44,366 [Worker-11: Building workspace] INFO  o.e.m.c.i.embedder.EclipseLogger - Copying 0 resource
2020-01-22 13:57:44,369 [Worker-11: Building workspace] INFO  o.e.m.c.i.embedder.EclipseLogger - Using 'UTF-8' encoding to copy filtered resources.
2020-01-22 13:57:44,370 [Worker-11: Building workspace] INFO  o.e.m.c.i.embedder.EclipseLogger - skip non existing resourceDirectory C:\Users\curso\Desktop\Robotics\Robotics\src\test\resources
2020-01-22 13:57:57,604 [Worker-11: Building workspace] INFO  o.e.m.c.i.embedder.EclipseLogger - Using 'UTF-8' encoding to copy filtered resources.
2020-01-22 13:57:57,604 [Worker-11: Building workspace] INFO  o.e.m.c.i.embedder.EclipseLogger - Copying 1 resource
2020-01-22 13:57:57,606 [Worker-11: Building workspace] INFO  o.e.m.c.i.embedder.EclipseLogger - Copying 0 resource
2020-01-22 13:57:57,609 [Worker-11: Building workspace] INFO  o.e.m.c.i.embedder.EclipseLogger - Using 'UTF-8' encoding to copy filtered resources.
2020-01-22 13:57:57,609 [Worker-11: Building workspace] INFO  o.e.m.c.i.embedder.EclipseLogger - skip non existing resourceDirectory C:\Users\curso\Desktop\Robotics\Robotics\src\test\resources
2020-01-22 14:09:30,217 [Worker-3: Loading available Gradle versions] INFO  o.e.b.c.i.u.g.PublishedGradleVersions - Gradle version information cache is up-to-date. Trying to read.
2020-01-22 14:38:42,073 [Worker-9: Building workspace] INFO  o.e.m.c.i.embedder.EclipseLogger - Using 'UTF-8' encoding to copy filtered resources.
2020-01-22 14:38:42,083 [Worker-9: Building workspace] INFO  o.e.m.c.i.embedder.EclipseLogger - Copying 3 resources
2020-01-22 14:38:42,113 [Worker-9: Building workspace] INFO  o.e.m.c.i.embedder.EclipseLogger - Copying 234 resources
2020-01-22 14:38:42,164 [Worker-9: Building workspace] INFO  o.e.m.c.i.embedder.EclipseLogger - Using 'UTF-8' encoding to copy filtered resources.
2020-01-22 14:38:42,164 [Worker-9: Building workspace] INFO  o.e.m.c.i.embedder.EclipseLogger - skip non existing resourceDirectory C:\Users\curso\Desktop\Robotics\Robotics\src\test\resources
2020-01-22 14:39:12,252 [Worker-11: Building workspace] INFO  o.e.m.c.i.embedder.EclipseLogger - Using 'UTF-8' encoding to copy filtered resources.
2020-01-22 14:39:12,283 [Worker-11: Building workspace] INFO  o.e.m.c.i.embedder.EclipseLogger - Copying 3 resources
2020-01-22 14:39:12,313 [Worker-11: Building workspace] INFO  o.e.m.c.i.embedder.EclipseLogger - Copying 234 resources
2020-01-22 14:39:12,350 [Worker-11: Building workspace] INFO  o.e.m.c.i.embedder.EclipseLogger - Using 'UTF-8' encoding to copy filtered resources.
2020-01-22 14:39:12,350 [Worker-11: Building workspace] INFO  o.e.m.c.i.embedder.EclipseLogger - skip non existing resourceDirectory C:\Users\curso\Desktop\Robotics\Robotics\src\test\resources
2020-01-22 14:39:24,193 [Worker-0: Building workspace] INFO  o.e.m.c.i.embedder.EclipseLogger - Using 'UTF-8' encoding to copy filtered resources.
2020-01-22 14:39:24,231 [Worker-0: Building workspace] INFO  o.e.m.c.i.embedder.EclipseLogger - Copying 3 resources
2020-01-22 14:39:24,269 [Worker-0: Building workspace] INFO  o.e.m.c.i.embedder.EclipseLogger - Copying 234 resources
2020-01-22 14:39:24,302 [Worker-0: Building workspace] INFO  o.e.m.c.i.embedder.EclipseLogger - Using 'UTF-8' encoding to copy filtered resources.
2020-01-22 14:39:24,302 [Worker-0: Building workspace] INFO  o.e.m.c.i.embedder.EclipseLogger - skip non existing resourceDirectory C:\Users\curso\Desktop\Robotics\Robotics\src\test\resources
2020-01-22 14:39:50,047 [Worker-0: Building workspace] INFO  o.e.m.c.i.embedder.EclipseLogger - Using 'UTF-8' encoding to copy filtered resources.
2020-01-22 14:39:50,086 [Worker-0: Building workspace] INFO  o.e.m.c.i.embedder.EclipseLogger - Copying 3 resources
2020-01-22 14:39:50,125 [Worker-0: Building workspace] INFO  o.e.m.c.i.embedder.EclipseLogger - Copying 234 resources
2020-01-22 14:39:50,169 [Worker-0: Building workspace] INFO  o.e.m.c.i.embedder.EclipseLogger - Using 'UTF-8' encoding to copy filtered resources.
2020-01-22 14:39:50,170 [Worker-0: Building workspace] INFO  o.e.m.c.i.embedder.EclipseLogger - skip non existing resourceDirectory C:\Users\curso\Desktop\Robotics\Robotics\src\test\resources
2020-01-22 14:41:26,132 [Worker-11: Building workspace] INFO  o.e.m.c.i.embedder.EclipseLogger - Using 'UTF-8' encoding to copy filtered resources.
2020-01-22 14:41:26,158 [Worker-11: Building workspace] INFO  o.e.m.c.i.embedder.EclipseLogger - Copying 3 resources
2020-01-22 14:41:26,187 [Worker-11: Building workspace] INFO  o.e.m.c.i.embedder.EclipseLogger - Copying 234 resources
2020-01-22 14:41:26,218 [Worker-11: Building workspace] INFO  o.e.m.c.i.embedder.EclipseLogger - Using 'UTF-8' encoding to copy filtered resources.
2020-01-22 14:41:26,218 [Worker-11: Building workspace] INFO  o.e.m.c.i.embedder.EclipseLogger - skip non existing resourceDirectory C:\Users\curso\Desktop\Robotics\Robotics\src\test\resources
2020-01-22 14:54:29,982 [Worker-0: Building workspace] INFO  o.e.m.c.i.embedder.EclipseLogger - Using 'UTF-8' encoding to copy filtered resources.
2020-01-22 14:54:30,007 [Worker-0: Building workspace] INFO  o.e.m.c.i.embedder.EclipseLogger - Copying 3 resources
2020-01-22 14:54:30,036 [Worker-0: Building workspace] INFO  o.e.m.c.i.embedder.EclipseLogger - Copying 234 resources
2020-01-22 14:54:30,524 [Worker-0: Building workspace] INFO  o.e.m.c.i.embedder.EclipseLogger - Using 'UTF-8' encoding to copy filtered resources.
2020-01-22 14:54:30,525 [Worker-0: Building workspace] INFO  o.e.m.c.i.embedder.EclipseLogger - skip non existing resourceDirectory C:\Users\curso\Desktop\Robotics\Robotics\src\test\resources
2020-01-22 15:07:03,388 [Worker-21: Building workspace] INFO  o.e.m.c.i.embedder.EclipseLogger - Using 'UTF-8' encoding to copy filtered resources.
2020-01-22 15:07:03,413 [Worker-21: Building workspace] INFO  o.e.m.c.i.embedder.EclipseLogger - Copying 3 resources
2020-01-22 15:07:03,439 [Worker-21: Building workspace] INFO  o.e.m.c.i.embedder.EclipseLogger - Copying 234 resources
2020-01-22 15:07:03,537 [Worker-21: Building workspace] INFO  o.e.m.c.i.embedder.EclipseLogger - Using 'UTF-8' encoding to copy filtered resources.
2020-01-22 15:07:03,537 [Worker-21: Building workspace] INFO  o.e.m.c.i.embedder.EclipseLogger - skip non existing resourceDirectory C:\Users\curso\Desktop\Robotics\Robotics\src\test\resources
2020-01-22 15:22:25,218 [Worker-26: Building workspace] INFO  o.e.m.c.i.embedder.EclipseLogger - Using 'UTF-8' encoding to copy filtered resources.
2020-01-22 15:22:25,246 [Worker-26: Building workspace] INFO  o.e.m.c.i.embedder.EclipseLogger - Copying 3 resources
2020-01-22 15:22:25,276 [Worker-26: Building workspace] INFO  o.e.m.c.i.embedder.EclipseLogger - Copying 234 resources
2020-01-22 15:22:25,715 [Worker-26: Building workspace] INFO  o.e.m.c.i.embedder.EclipseLogger - Using 'UTF-8' encoding to copy filtered resources.
2020-01-22 15:22:25,715 [Worker-26: Building workspace] INFO  o.e.m.c.i.embedder.EclipseLogger - skip non existing resourceDirectory C:\Users\curso\Desktop\Robotics\Robotics\src\test\resources
2020-01-22 15:23:57,891 [Worker-28: Building workspace] INFO  o.e.m.c.i.embedder.EclipseLogger - Using 'UTF-8' encoding to copy filtered resources.
2020-01-22 15:23:57,923 [Worker-28: Building workspace] INFO  o.e.m.c.i.embedder.EclipseLogger - Copying 3 resources
2020-01-22 15:23:57,957 [Worker-28: Building workspace] INFO  o.e.m.c.i.embedder.EclipseLogger - Copying 234 resources
2020-01-22 15:23:58,000 [Worker-28: Building workspace] INFO  o.e.m.c.i.embedder.EclipseLogger - Using 'UTF-8' encoding to copy filtered resources.
2020-01-22 15:23:58,001 [Worker-28: Building workspace] INFO  o.e.m.c.i.embedder.EclipseLogger - skip non existing resourceDirectory C:\Users\curso\Desktop\Robotics\Robotics\src\test\resources
2020-01-22 15:47:00,154 [Worker-38: Building workspace] INFO  o.e.m.c.i.embedder.EclipseLogger - Using 'UTF-8' encoding to copy filtered resources.
2020-01-22 15:47:00,185 [Worker-38: Building workspace] INFO  o.e.m.c.i.embedder.EclipseLogger - Copying 3 resources
2020-01-22 15:47:00,223 [Worker-38: Building workspace] INFO  o.e.m.c.i.embedder.EclipseLogger - Copying 234 resources
2020-01-22 15:47:00,474 [Worker-38: Building workspace] INFO  o.e.m.c.i.embedder.EclipseLogger - Using 'UTF-8' encoding to copy filtered resources.
2020-01-22 15:47:00,474 [Worker-38: Building workspace] INFO  o.e.m.c.i.embedder.EclipseLogger - skip non existing resourceDirectory C:\Users\curso\Desktop\Robotics\Robotics\src\test\resources
2020-01-22 16:04:14,586 [Worker-46: Building workspace] INFO  o.e.m.c.i.embedder.EclipseLogger - Using 'UTF-8' encoding to copy filtered resources.
2020-01-22 16:04:14,587 [Worker-46: Building workspace] INFO  o.e.m.c.i.embedder.EclipseLogger - Copying 3 resources
2020-01-22 16:04:14,593 [Worker-46: Building workspace] INFO  o.e.m.c.i.embedder.EclipseLogger - Copying 234 resources
2020-01-22 16:04:17,383 [Worker-46: Building workspace] INFO  o.e.m.c.i.embedder.EclipseLogger - Using 'UTF-8' encoding to copy filtered resources.
2020-01-22 16:04:17,384 [Worker-46: Building workspace] INFO  o.e.m.c.i.embedder.EclipseLogger - skip non existing resourceDirectory C:\Users\curso\Desktop\Robotics\Robotics\src\test\resources
2020-01-22 16:04:42,826 [Worker-42: Building workspace] INFO  o.e.m.c.i.embedder.EclipseLogger - Using 'UTF-8' encoding to copy filtered resources.
2020-01-22 16:04:42,829 [Worker-42: Building workspace] INFO  o.e.m.c.i.embedder.EclipseLogger - Copying 0 resource
2020-01-22 16:04:42,830 [Worker-42: Building workspace] INFO  o.e.m.c.i.embedder.EclipseLogger - Copying 9 resources
2020-01-22 16:04:42,834 [Worker-42: Building workspace] INFO  o.e.m.c.i.embedder.EclipseLogger - Using 'UTF-8' encoding to copy filtered resources.
2020-01-22 16:04:42,834 [Worker-42: Building workspace] INFO  o.e.m.c.i.embedder.EclipseLogger - skip non existing resourceDirectory C:\Users\curso\Desktop\Robotics\Robotics\src\test\resources
2020-01-22 16:05:41,166 [Worker-49: Building workspace] INFO  o.e.m.c.i.embedder.EclipseLogger - Using 'UTF-8' encoding to copy filtered resources.
2020-01-22 16:05:41,167 [Worker-49: Building workspace] INFO  o.e.m.c.i.embedder.EclipseLogger - Copying 3 resources
2020-01-22 16:05:41,173 [Worker-49: Building workspace] INFO  o.e.m.c.i.embedder.EclipseLogger - Copying 234 resources
2020-01-22 16:05:43,321 [Worker-49: Building workspace] INFO  o.e.m.c.i.embedder.EclipseLogger - Using 'UTF-8' encoding to copy filtered resources.
2020-01-22 16:05:43,321 [Worker-49: Building workspace] INFO  o.e.m.c.i.embedder.EclipseLogger - skip non existing resourceDirectory C:\Users\curso\Desktop\Robotics\Robotics\src\test\resources
2020-01-22 16:12:34,005 [Worker-52: Building workspace] INFO  o.e.m.c.i.embedder.EclipseLogger - Using 'UTF-8' encoding to copy filtered resources.
2020-01-22 16:12:34,007 [Worker-52: Building workspace] INFO  o.e.m.c.i.embedder.EclipseLogger - Copying 3 resources
2020-01-22 16:12:34,011 [Worker-52: Building workspace] INFO  o.e.m.c.i.embedder.EclipseLogger - Copying 234 resources
2020-01-22 16:12:36,108 [Worker-52: Building workspace] INFO  o.e.m.c.i.embedder.EclipseLogger - Using 'UTF-8' encoding to copy filtered resources.
2020-01-22 16:12:36,108 [Worker-52: Building workspace] INFO  o.e.m.c.i.embedder.EclipseLogger - skip non existing resourceDirectory C:\Users\curso\Desktop\Robotics\Robotics\src\test\resources
2020-01-22 16:16:40,807 [Worker-54: Launching Robotics - RoboticsApplication] INFO  o.e.m.c.i.embedder.EclipseLogger - Using 'UTF-8' encoding to copy filtered resources.
2020-01-22 16:16:40,833 [Worker-54: Launching Robotics - RoboticsApplication] INFO  o.e.m.c.i.embedder.EclipseLogger - Copying 3 resources
2020-01-22 16:16:40,866 [Worker-54: Launching Robotics - RoboticsApplication] INFO  o.e.m.c.i.embedder.EclipseLogger - Copying 234 resources
2020-01-22 16:16:40,901 [Worker-54: Launching Robotics - RoboticsApplication] INFO  o.e.m.c.i.embedder.EclipseLogger - Using 'UTF-8' encoding to copy filtered resources.
2020-01-22 16:16:40,902 [Worker-54: Launching Robotics - RoboticsApplication] INFO  o.e.m.c.i.embedder.EclipseLogger - skip non existing resourceDirectory C:\Users\curso\Desktop\Robotics\Robotics\src\test\resources
2020-01-22 16:43:38,876 [Worker-69: Building workspace] INFO  o.e.m.c.i.l.LifecycleMappingFactory - Using org.eclipse.m2e.jdt.JarLifecycleMapping lifecycle mapping for MavenProject: com.example.robotics:Robotics:0.0.1-SNAPSHOT @ C:\Users\curso\Desktop\Robotics\Robotics\pom.xml.
2020-01-22 16:43:40,526 [Worker-69: Building workspace] INFO  o.e.m.c.i.embedder.EclipseLogger - Using 'UTF-8' encoding to copy filtered resources.
2020-01-22 16:43:40,531 [Worker-69: Building workspace] INFO  o.e.m.c.i.embedder.EclipseLogger - Copying 0 resource
2020-01-22 16:43:40,532 [Worker-69: Building workspace] INFO  o.e.m.c.i.embedder.EclipseLogger - Copying 0 resource
2020-01-22 16:43:40,535 [Worker-69: Building workspace] INFO  o.e.m.c.i.embedder.EclipseLogger - Using 'UTF-8' encoding to copy filtered resources.
2020-01-22 16:43:40,535 [Worker-69: Building workspace] INFO  o.e.m.c.i.embedder.EclipseLogger - skip non existing resourceDirectory C:\Users\curso\Desktop\Robotics\Robotics\src\test\resources
2020-01-22 16:43:44,263 [Worker-68: Building workspace] INFO  o.e.m.c.i.embedder.EclipseLogger - Using 'UTF-8' encoding to copy filtered resources.
2020-01-22 16:43:44,308 [Worker-68: Building workspace] INFO  o.e.m.c.i.embedder.EclipseLogger - Copying 3 resources
2020-01-22 16:43:44,393 [Worker-68: Building workspace] INFO  o.e.m.c.i.embedder.EclipseLogger - Copying 234 resources
2020-01-22 16:43:47,660 [Worker-68: Building workspace] INFO  o.e.m.c.i.embedder.EclipseLogger - Using 'UTF-8' encoding to copy filtered resources.
2020-01-22 16:43:47,660 [Worker-68: Building workspace] INFO  o.e.m.c.i.embedder.EclipseLogger - skip non existing resourceDirectory C:\Users\curso\Desktop\Robotics\Robotics\src\test\resources
2020-01-22 16:46:40,565 [Worker-70: Building workspace] INFO  o.e.m.c.i.embedder.EclipseLogger - Using 'UTF-8' encoding to copy filtered resources.
2020-01-22 16:46:40,565 [Worker-70: Building workspace] INFO  o.e.m.c.i.embedder.EclipseLogger - Copying 1 resource
2020-01-22 16:46:40,569 [Worker-70: Building workspace] INFO  o.e.m.c.i.embedder.EclipseLogger - Copying 0 resource
2020-01-22 16:46:40,571 [Worker-70: Building workspace] INFO  o.e.m.c.i.embedder.EclipseLogger - Using 'UTF-8' encoding to copy filtered resources.
2020-01-22 16:46:40,571 [Worker-70: Building workspace] INFO  o.e.m.c.i.embedder.EclipseLogger - skip non existing resourceDirectory C:\Users\curso\Desktop\Robotics\Robotics\src\test\resources
2020-01-22 16:48:25,807 [Worker-64: Building workspace] INFO  o.e.m.c.i.embedder.EclipseLogger - Using 'UTF-8' encoding to copy filtered resources.
2020-01-22 16:48:25,807 [Worker-64: Building workspace] INFO  o.e.m.c.i.embedder.EclipseLogger - Copying 1 resource
2020-01-22 16:48:25,810 [Worker-64: Building workspace] INFO  o.e.m.c.i.embedder.EclipseLogger - Copying 0 resource
2020-01-22 16:48:25,812 [Worker-64: Building workspace] INFO  o.e.m.c.i.embedder.EclipseLogger - Using 'UTF-8' encoding to copy filtered resources.
2020-01-22 16:48:25,813 [Worker-64: Building workspace] INFO  o.e.m.c.i.embedder.EclipseLogger - skip non existing resourceDirectory C:\Users\curso\Desktop\Robotics\Robotics\src\test\resources
2020-01-22 16:48:30,180 [Worker-71: Building workspace] INFO  o.e.m.c.i.embedder.EclipseLogger - Using 'UTF-8' encoding to copy filtered resources.
2020-01-22 16:48:30,181 [Worker-71: Building workspace] INFO  o.e.m.c.i.embedder.EclipseLogger - Copying 1 resource
2020-01-22 16:48:30,184 [Worker-71: Building workspace] INFO  o.e.m.c.i.embedder.EclipseLogger - Copying 0 resource
2020-01-22 16:48:30,187 [Worker-71: Building workspace] INFO  o.e.m.c.i.embedder.EclipseLogger - Using 'UTF-8' encoding to copy filtered resources.
2020-01-22 16:48:30,188 [Worker-71: Building workspace] INFO  o.e.m.c.i.embedder.EclipseLogger - skip non existing resourceDirectory C:\Users\curso\Desktop\Robotics\Robotics\src\test\resources
2020-01-22 16:48:44,670 [Worker-72: Building workspace] INFO  o.e.m.c.i.embedder.EclipseLogger - Using 'UTF-8' encoding to copy filtered resources.
2020-01-22 16:48:44,696 [Worker-72: Building workspace] INFO  o.e.m.c.i.embedder.EclipseLogger - Copying 3 resources
2020-01-22 16:48:44,731 [Worker-72: Building workspace] INFO  o.e.m.c.i.embedder.EclipseLogger - Copying 234 resources
2020-01-22 16:48:44,765 [Worker-72: Building workspace] INFO  o.e.m.c.i.embedder.EclipseLogger - Using 'UTF-8' encoding to copy filtered resources.
2020-01-22 16:48:44,765 [Worker-72: Building workspace] INFO  o.e.m.c.i.embedder.EclipseLogger - skip non existing resourceDirectory C:\Users\curso\Desktop\Robotics\Robotics\src\test\resources
2020-01-22 16:54:36,342 [Worker-74: Building workspace] INFO  o.e.m.c.i.embedder.EclipseLogger - Using 'UTF-8' encoding to copy filtered resources.
2020-01-22 16:54:36,368 [Worker-74: Building workspace] INFO  o.e.m.c.i.embedder.EclipseLogger - Copying 3 resources
2020-01-22 16:54:36,418 [Worker-74: Building workspace] INFO  o.e.m.c.i.embedder.EclipseLogger - Copying 234 resources
2020-01-22 16:54:36,453 [Worker-74: Building workspace] INFO  o.e.m.c.i.embedder.EclipseLogger - Using 'UTF-8' encoding to copy filtered resources.
2020-01-22 16:54:36,453 [Worker-74: Building workspace] INFO  o.e.m.c.i.embedder.EclipseLogger - skip non existing resourceDirectory C:\Users\curso\Desktop\Robotics\Robotics\src\test\resources
2020-01-22 16:55:10,911 [Worker-74: Building workspace] INFO  o.e.m.c.i.embedder.EclipseLogger - Using 'UTF-8' encoding to copy filtered resources.
2020-01-22 16:55:10,944 [Worker-74: Building workspace] INFO  o.e.m.c.i.embedder.EclipseLogger - Copying 3 resources
2020-01-22 16:55:10,982 [Worker-74: Building workspace] INFO  o.e.m.c.i.embedder.EclipseLogger - Copying 234 resources
2020-01-22 16:55:11,022 [Worker-74: Building workspace] INFO  o.e.m.c.i.embedder.EclipseLogger - Using 'UTF-8' encoding to copy filtered resources.
2020-01-22 16:55:11,022 [Worker-74: Building workspace] INFO  o.e.m.c.i.embedder.EclipseLogger - skip non existing resourceDirectory C:\Users\curso\Desktop\Robotics\Robotics\src\test\resources
2020-01-22 17:00:21,822 [Worker-76: Building workspace] INFO  o.e.m.c.i.embedder.EclipseLogger - Using 'UTF-8' encoding to copy filtered resources.
2020-01-22 17:00:21,823 [Worker-76: Building workspace] INFO  o.e.m.c.i.embedder.EclipseLogger - Copying 0 resource
2020-01-22 17:00:21,824 [Worker-76: Building workspace] INFO  o.e.m.c.i.embedder.EclipseLogger - Copying 2 resources
2020-01-22 17:00:21,832 [Worker-76: Building workspace] INFO  o.e.m.c.i.embedder.EclipseLogger - Using 'UTF-8' encoding to copy filtered resources.
2020-01-22 17:00:21,833 [Worker-76: Building workspace] INFO  o.e.m.c.i.embedder.EclipseLogger - skip non existing resourceDirectory C:\Users\curso\Desktop\Robotics\Robotics\src\test\resources
2020-01-22 17:00:55,380 [Worker-77: Building workspace] INFO  o.e.m.c.i.embedder.EclipseLogger - Using 'UTF-8' encoding to copy filtered resources.
2020-01-22 17:00:55,381 [Worker-77: Building workspace] INFO  o.e.m.c.i.embedder.EclipseLogger - Copying 1 resource
2020-01-22 17:00:55,390 [Worker-77: Building workspace] INFO  o.e.m.c.i.embedder.EclipseLogger - Copying 0 resource
2020-01-22 17:00:55,396 [Worker-77: Building workspace] INFO  o.e.m.c.i.embedder.EclipseLogger - Using 'UTF-8' encoding to copy filtered resources.
2020-01-22 17:00:55,396 [Worker-77: Building workspace] INFO  o.e.m.c.i.embedder.EclipseLogger - skip non existing resourceDirectory C:\Users\curso\Desktop\Robotics\Robotics\src\test\resources
2020-01-22 17:00:57,299 [Worker-76: Building workspace] INFO  o.e.m.c.i.embedder.EclipseLogger - Using 'UTF-8' encoding to copy filtered resources.
2020-01-22 17:00:57,329 [Worker-76: Building workspace] INFO  o.e.m.c.i.embedder.EclipseLogger - Copying 3 resources
2020-01-22 17:00:57,369 [Worker-76: Building workspace] INFO  o.e.m.c.i.embedder.EclipseLogger - Copying 234 resources
2020-01-22 17:00:57,410 [Worker-76: Building workspace] INFO  o.e.m.c.i.embedder.EclipseLogger - Using 'UTF-8' encoding to copy filtered resources.
2020-01-22 17:00:57,410 [Worker-76: Building workspace] INFO  o.e.m.c.i.embedder.EclipseLogger - skip non existing resourceDirectory C:\Users\curso\Desktop\Robotics\Robotics\src\test\resources
2020-01-22 17:07:34,394 [Worker-82: Building workspace] INFO  o.e.m.c.i.embedder.EclipseLogger - Using 'UTF-8' encoding to copy filtered resources.
2020-01-22 17:07:34,408 [Worker-82: Building workspace] INFO  o.e.m.c.i.embedder.EclipseLogger - Copying 3 resources
2020-01-22 17:07:34,428 [Worker-82: Building workspace] INFO  o.e.m.c.i.embedder.EclipseLogger - Copying 234 resources
2020-01-22 17:07:34,756 [Worker-82: Building workspace] INFO  o.e.m.c.i.embedder.EclipseLogger - Using 'UTF-8' encoding to copy filtered resources.
2020-01-22 17:07:34,756 [Worker-82: Building workspace] INFO  o.e.m.c.i.embedder.EclipseLogger - skip non existing resourceDirectory C:\Users\curso\Desktop\Robotics\Robotics\src\test\resources
2020-01-22 17:07:48,569 [Worker-83: Building workspace] INFO  o.e.m.c.i.embedder.EclipseLogger - Using 'UTF-8' encoding to copy filtered resources.
2020-01-22 17:07:48,570 [Worker-83: Building workspace] INFO  o.e.m.c.i.embedder.EclipseLogger - Copying 1 resource
2020-01-22 17:07:48,572 [Worker-83: Building workspace] INFO  o.e.m.c.i.embedder.EclipseLogger - Copying 0 resource
2020-01-22 17:07:48,573 [Worker-83: Building workspace] INFO  o.e.m.c.i.embedder.EclipseLogger - Using 'UTF-8' encoding to copy filtered resources.
2020-01-22 17:07:48,574 [Worker-83: Building workspace] INFO  o.e.m.c.i.embedder.EclipseLogger - skip non existing resourceDirectory C:\Users\curso\Desktop\Robotics\Robotics\src\test\resources
2020-01-22 17:07:49,587 [Worker-77: Building workspace] INFO  o.e.m.c.i.embedder.EclipseLogger - Using 'UTF-8' encoding to copy filtered resources.
2020-01-22 17:07:49,587 [Worker-77: Building workspace] INFO  o.e.m.c.i.embedder.EclipseLogger - Copying 0 resource
2020-01-22 17:07:49,587 [Worker-77: Building workspace] INFO  o.e.m.c.i.embedder.EclipseLogger - Copying 9 resources
2020-01-22 17:07:49,590 [Worker-77: Building workspace] INFO  o.e.m.c.i.embedder.EclipseLogger - Using 'UTF-8' encoding to copy filtered resources.
2020-01-22 17:07:49,590 [Worker-77: Building workspace] INFO  o.e.m.c.i.embedder.EclipseLogger - skip non existing resourceDirectory C:\Users\curso\Desktop\Robotics\Robotics\src\test\resources
2020-01-22 17:17:40,584 [Worker-86: Building workspace] INFO  o.e.m.c.i.embedder.EclipseLogger - Using 'UTF-8' encoding to copy filtered resources.
2020-01-22 17:17:40,605 [Worker-86: Building workspace] INFO  o.e.m.c.i.embedder.EclipseLogger - Copying 3 resources
2020-01-22 17:17:40,638 [Worker-86: Building workspace] INFO  o.e.m.c.i.embedder.EclipseLogger - Copying 234 resources
2020-01-22 17:17:40,688 [Worker-86: Building workspace] INFO  o.e.m.c.i.embedder.EclipseLogger - Using 'UTF-8' encoding to copy filtered resources.
2020-01-22 17:17:40,688 [Worker-86: Building workspace] INFO  o.e.m.c.i.embedder.EclipseLogger - skip non existing resourceDirectory C:\Users\curso\Desktop\Robotics\Robotics\src\test\resources
2020-01-22 17:20:07,764 [Worker-85: Building workspace] INFO  o.e.m.c.i.embedder.EclipseLogger - Using 'UTF-8' encoding to copy filtered resources.
2020-01-22 17:20:07,778 [Worker-85: Building workspace] INFO  o.e.m.c.i.embedder.EclipseLogger - Copying 3 resources
2020-01-22 17:20:07,796 [Worker-85: Building workspace] INFO  o.e.m.c.i.embedder.EclipseLogger - Copying 234 resources
2020-01-22 17:20:07,817 [Worker-85: Building workspace] INFO  o.e.m.c.i.embedder.EclipseLogger - Using 'UTF-8' encoding to copy filtered resources.
2020-01-22 17:20:07,817 [Worker-85: Building workspace] INFO  o.e.m.c.i.embedder.EclipseLogger - skip non existing resourceDirectory C:\Users\curso\Desktop\Robotics\Robotics\src\test\resources
2020-01-22 21:18:44,535 [Worker-92: Building workspace] INFO  o.e.m.c.i.embedder.EclipseLogger - Using 'UTF-8' encoding to copy filtered resources.
2020-01-22 21:18:44,591 [Worker-92: Building workspace] INFO  o.e.m.c.i.embedder.EclipseLogger - Copying 3 resources
2020-01-22 21:18:44,644 [Worker-92: Building workspace] INFO  o.e.m.c.i.embedder.EclipseLogger - Copying 234 resources
2020-01-22 21:18:44,689 [Worker-92: Building workspace] INFO  o.e.m.c.i.embedder.EclipseLogger - Using 'UTF-8' encoding to copy filtered resources.
2020-01-22 21:18:44,689 [Worker-92: Building workspace] INFO  o.e.m.c.i.embedder.EclipseLogger - skip non existing resourceDirectory C:\Users\curso\Desktop\Robotics\Robotics\src\test\resources
2020-01-23 01:04:40,610 [Worker-108: Building workspace] INFO  o.e.m.c.i.embedder.EclipseLogger - Using 'UTF-8' encoding to copy filtered resources.
2020-01-23 01:04:40,624 [Worker-108: Building workspace] INFO  o.e.m.c.i.embedder.EclipseLogger - Copying 3 resources
2020-01-23 01:04:40,651 [Worker-108: Building workspace] INFO  o.e.m.c.i.embedder.EclipseLogger - Copying 234 resources
2020-01-23 01:04:40,672 [Worker-108: Building workspace] INFO  o.e.m.c.i.embedder.EclipseLogger - Using 'UTF-8' encoding to copy filtered resources.
2020-01-23 01:04:40,672 [Worker-108: Building workspace] INFO  o.e.m.c.i.embedder.EclipseLogger - skip non existing resourceDirectory C:\Users\curso\Desktop\Robotics\Robotics\src\test\resources
2020-01-23 01:04:57,396 [Worker-110: Building workspace] INFO  o.e.m.c.i.embedder.EclipseLogger - Using 'UTF-8' encoding to copy filtered resources.
2020-01-23 01:04:57,411 [Worker-110: Building workspace] INFO  o.e.m.c.i.embedder.EclipseLogger - Copying 3 resources
2020-01-23 01:04:57,428 [Worker-110: Building workspace] INFO  o.e.m.c.i.embedder.EclipseLogger - Copying 234 resources
2020-01-23 01:04:57,446 [Worker-110: Building workspace] INFO  o.e.m.c.i.embedder.EclipseLogger - Using 'UTF-8' encoding to copy filtered resources.
2020-01-23 01:04:57,447 [Worker-110: Building workspace] INFO  o.e.m.c.i.embedder.EclipseLogger - skip non existing resourceDirectory C:\Users\curso\Desktop\Robotics\Robotics\src\test\resources
2020-01-23 01:55:52,919 [Worker-114: Building workspace] INFO  o.e.m.c.i.embedder.EclipseLogger - Using 'UTF-8' encoding to copy filtered resources.
2020-01-23 01:55:52,943 [Worker-114: Building workspace] INFO  o.e.m.c.i.embedder.EclipseLogger - Copying 3 resources
2020-01-23 01:55:52,977 [Worker-114: Building workspace] INFO  o.e.m.c.i.embedder.EclipseLogger - Copying 234 resources
2020-01-23 01:55:53,009 [Worker-114: Building workspace] INFO  o.e.m.c.i.embedder.EclipseLogger - Using 'UTF-8' encoding to copy filtered resources.
2020-01-23 01:55:53,009 [Worker-114: Building workspace] INFO  o.e.m.c.i.embedder.EclipseLogger - skip non existing resourceDirectory C:\Users\curso\Desktop\Robotics\Robotics\src\test\resources
2020-01-23 02:09:33,603 [Worker-116: Building workspace] INFO  o.e.m.c.i.embedder.EclipseLogger - Using 'UTF-8' encoding to copy filtered resources.
2020-01-23 02:09:33,634 [Worker-116: Building workspace] INFO  o.e.m.c.i.embedder.EclipseLogger - Copying 3 resources
2020-01-23 02:09:33,668 [Worker-116: Building workspace] INFO  o.e.m.c.i.embedder.EclipseLogger - Copying 234 resources
2020-01-23 02:09:33,698 [Worker-116: Building workspace] INFO  o.e.m.c.i.embedder.EclipseLogger - Using 'UTF-8' encoding to copy filtered resources.
2020-01-23 02:09:33,699 [Worker-116: Building workspace] INFO  o.e.m.c.i.embedder.EclipseLogger - skip non existing resourceDirectory C:\Users\curso\Desktop\Robotics\Robotics\src\test\resources
2020-01-23 04:06:10,526 [Worker-134: Launching Robotics - RoboticsApplication] INFO  o.e.m.c.i.embedder.EclipseLogger - Using 'UTF-8' encoding to copy filtered resources.
2020-01-23 04:06:10,568 [Worker-134: Launching Robotics - RoboticsApplication] INFO  o.e.m.c.i.embedder.EclipseLogger - Copying 3 resources
2020-01-23 04:06:10,630 [Worker-134: Launching Robotics - RoboticsApplication] INFO  o.e.m.c.i.embedder.EclipseLogger - Copying 234 resources
2020-01-23 04:06:10,678 [Worker-134: Launching Robotics - RoboticsApplication] INFO  o.e.m.c.i.embedder.EclipseLogger - Using 'UTF-8' encoding to copy filtered resources.
2020-01-23 04:06:10,678 [Worker-134: Launching Robotics - RoboticsApplication] INFO  o.e.m.c.i.embedder.EclipseLogger - skip non existing resourceDirectory C:\Users\curso\Desktop\Robotics\Robotics\src\test\resources
2020-01-23 04:10:45,399 [Worker-136: Building workspace] INFO  o.e.m.c.i.embedder.EclipseLogger - Using 'UTF-8' encoding to copy filtered resources.
2020-01-23 04:10:45,423 [Worker-136: Building workspace] INFO  o.e.m.c.i.embedder.EclipseLogger - Copying 3 resources
2020-01-23 04:10:45,453 [Worker-136: Building workspace] INFO  o.e.m.c.i.embedder.EclipseLogger - Copying 234 resources
2020-01-23 04:10:45,479 [Worker-136: Building workspace] INFO  o.e.m.c.i.embedder.EclipseLogger - Using 'UTF-8' encoding to copy filtered resources.
2020-01-23 04:10:45,479 [Worker-136: Building workspace] INFO  o.e.m.c.i.embedder.EclipseLogger - skip non existing resourceDirectory C:\Users\curso\Desktop\Robotics\Robotics\src\test\resources
2020-01-23 04:18:08,643 [Worker-145: Launching Robotics - RoboticsApplication] INFO  o.e.m.c.i.embedder.EclipseLogger - Using 'UTF-8' encoding to copy filtered resources.
2020-01-23 04:18:08,671 [Worker-145: Launching Robotics - RoboticsApplication] INFO  o.e.m.c.i.embedder.EclipseLogger - Copying 3 resources
2020-01-23 04:18:08,706 [Worker-145: Launching Robotics - RoboticsApplication] INFO  o.e.m.c.i.embedder.EclipseLogger - Copying 234 resources
2020-01-23 04:18:08,738 [Worker-145: Launching Robotics - RoboticsApplication] INFO  o.e.m.c.i.embedder.EclipseLogger - Using 'UTF-8' encoding to copy filtered resources.
2020-01-23 04:18:08,739 [Worker-145: Launching Robotics - RoboticsApplication] INFO  o.e.m.c.i.embedder.EclipseLogger - skip non existing resourceDirectory C:\Users\curso\Desktop\Robotics\Robotics\src\test\resources
2020-01-23 04:57:16,798 [Worker-150: Building workspace] INFO  o.e.m.c.i.embedder.EclipseLogger - Using 'UTF-8' encoding to copy filtered resources.
2020-01-23 04:57:16,831 [Worker-150: Building workspace] INFO  o.e.m.c.i.embedder.EclipseLogger - Copying 3 resources
2020-01-23 04:57:16,872 [Worker-150: Building workspace] INFO  o.e.m.c.i.embedder.EclipseLogger - Copying 234 resources
2020-01-23 04:57:16,912 [Worker-150: Building workspace] INFO  o.e.m.c.i.embedder.EclipseLogger - Using 'UTF-8' encoding to copy filtered resources.
2020-01-23 04:57:16,912 [Worker-150: Building workspace] INFO  o.e.m.c.i.embedder.EclipseLogger - skip non existing resourceDirectory C:\Users\curso\Desktop\Robotics\Robotics\src\test\resources
2020-01-23 05:12:34,625 [Worker-152: Launching Robotics - RoboticsApplication] INFO  o.e.m.c.i.embedder.EclipseLogger - Using 'UTF-8' encoding to copy filtered resources.
2020-01-23 05:12:34,647 [Worker-152: Launching Robotics - RoboticsApplication] INFO  o.e.m.c.i.embedder.EclipseLogger - Copying 3 resources
2020-01-23 05:12:34,683 [Worker-152: Launching Robotics - RoboticsApplication] INFO  o.e.m.c.i.embedder.EclipseLogger - Copying 234 resources
2020-01-23 05:12:34,718 [Worker-152: Launching Robotics - RoboticsApplication] INFO  o.e.m.c.i.embedder.EclipseLogger - Using 'UTF-8' encoding to copy filtered resources.
2020-01-23 05:12:34,719 [Worker-152: Launching Robotics - RoboticsApplication] INFO  o.e.m.c.i.embedder.EclipseLogger - skip non existing resourceDirectory C:\Users\curso\Desktop\Robotics\Robotics\src\test\resources
2020-01-23 05:15:46,851 [Worker-150: Building workspace] INFO  o.e.m.c.i.embedder.EclipseLogger - Using 'UTF-8' encoding to copy filtered resources.
2020-01-23 05:15:46,876 [Worker-150: Building workspace] INFO  o.e.m.c.i.embedder.EclipseLogger - Copying 3 resources
2020-01-23 05:15:46,908 [Worker-150: Building workspace] INFO  o.e.m.c.i.embedder.EclipseLogger - Copying 234 resources
2020-01-23 05:15:46,938 [Worker-150: Building workspace] INFO  o.e.m.c.i.embedder.EclipseLogger - Using 'UTF-8' encoding to copy filtered resources.
2020-01-23 05:15:46,939 [Worker-150: Building workspace] INFO  o.e.m.c.i.embedder.EclipseLogger - skip non existing resourceDirectory C:\Users\curso\Desktop\Robotics\Robotics\src\test\resources
2020-01-23 05:18:02,032 [Worker-155: Building workspace] INFO  o.e.m.c.i.embedder.EclipseLogger - Using 'UTF-8' encoding to copy filtered resources.
2020-01-23 05:18:02,055 [Worker-155: Building workspace] INFO  o.e.m.c.i.embedder.EclipseLogger - Copying 3 resources
2020-01-23 05:18:02,085 [Worker-155: Building workspace] INFO  o.e.m.c.i.embedder.EclipseLogger - Copying 234 resources
2020-01-23 05:18:02,116 [Worker-155: Building workspace] INFO  o.e.m.c.i.embedder.EclipseLogger - Using 'UTF-8' encoding to copy filtered resources.
2020-01-23 05:18:02,116 [Worker-155: Building workspace] INFO  o.e.m.c.i.embedder.EclipseLogger - skip non existing resourceDirectory C:\Users\curso\Desktop\Robotics\Robotics\src\test\resources
2020-01-23 05:30:14,071 [Worker-163: Building workspace] INFO  o.e.m.c.i.embedder.EclipseLogger - Using 'UTF-8' encoding to copy filtered resources.
2020-01-23 05:30:14,096 [Worker-163: Building workspace] INFO  o.e.m.c.i.embedder.EclipseLogger - Copying 3 resources
2020-01-23 05:30:14,128 [Worker-163: Building workspace] INFO  o.e.m.c.i.embedder.EclipseLogger - Copying 234 resources
2020-01-23 05:30:14,158 [Worker-163: Building workspace] INFO  o.e.m.c.i.embedder.EclipseLogger - Using 'UTF-8' encoding to copy filtered resources.
2020-01-23 05:30:14,158 [Worker-163: Building workspace] INFO  o.e.m.c.i.embedder.EclipseLogger - skip non existing resourceDirectory C:\Users\curso\Desktop\Robotics\Robotics\src\test\resources
2020-01-23 05:39:56,348 [Worker-169: Building workspace] INFO  o.e.m.c.i.embedder.EclipseLogger - Using 'UTF-8' encoding to copy filtered resources.
2020-01-23 05:39:56,375 [Worker-169: Building workspace] INFO  o.e.m.c.i.embedder.EclipseLogger - Copying 3 resources
2020-01-23 05:39:56,418 [Worker-169: Building workspace] INFO  o.e.m.c.i.embedder.EclipseLogger - Copying 234 resources
2020-01-23 05:39:56,448 [Worker-169: Building workspace] INFO  o.e.m.c.i.embedder.EclipseLogger - Using 'UTF-8' encoding to copy filtered resources.
2020-01-23 05:39:56,448 [Worker-169: Building workspace] INFO  o.e.m.c.i.embedder.EclipseLogger - skip non existing resourceDirectory C:\Users\curso\Desktop\Robotics\Robotics\src\test\resources
2020-01-23 05:47:11,954 [Worker-165: Building workspace] INFO  o.e.m.c.i.embedder.EclipseLogger - Using 'UTF-8' encoding to copy filtered resources.
2020-01-23 05:47:11,980 [Worker-165: Building workspace] INFO  o.e.m.c.i.embedder.EclipseLogger - Copying 3 resources
2020-01-23 05:47:12,017 [Worker-165: Building workspace] INFO  o.e.m.c.i.embedder.EclipseLogger - Copying 234 resources
2020-01-23 05:47:12,050 [Worker-165: Building workspace] INFO  o.e.m.c.i.embedder.EclipseLogger - Using 'UTF-8' encoding to copy filtered resources.
2020-01-23 05:47:12,050 [Worker-165: Building workspace] INFO  o.e.m.c.i.embedder.EclipseLogger - skip non existing resourceDirectory C:\Users\curso\Desktop\Robotics\Robotics\src\test\resources
2020-01-23 05:49:42,577 [Worker-175: Building workspace] INFO  o.e.m.c.i.embedder.EclipseLogger - Using 'UTF-8' encoding to copy filtered resources.
2020-01-23 05:49:42,601 [Worker-175: Building workspace] INFO  o.e.m.c.i.embedder.EclipseLogger - Copying 3 resources
2020-01-23 05:49:42,637 [Worker-175: Building workspace] INFO  o.e.m.c.i.embedder.EclipseLogger - Copying 234 resources
2020-01-23 05:49:42,670 [Worker-175: Building workspace] INFO  o.e.m.c.i.embedder.EclipseLogger - Using 'UTF-8' encoding to copy filtered resources.
2020-01-23 05:49:42,670 [Worker-175: Building workspace] INFO  o.e.m.c.i.embedder.EclipseLogger - skip non existing resourceDirectory C:\Users\curso\Desktop\Robotics\Robotics\src\test\resources
2020-01-23 06:01:39,855 [Worker-181: Building workspace] INFO  o.e.m.c.i.embedder.EclipseLogger - Using 'UTF-8' encoding to copy filtered resources.
2020-01-23 06:01:39,855 [Worker-181: Building workspace] INFO  o.e.m.c.i.embedder.EclipseLogger - Copying 0 resource
2020-01-23 06:01:39,856 [Worker-181: Building workspace] INFO  o.e.m.c.i.embedder.EclipseLogger - Copying 1 resource
2020-01-23 06:01:39,902 [Worker-181: Building workspace] INFO  o.e.m.c.i.embedder.EclipseLogger - Using 'UTF-8' encoding to copy filtered resources.
2020-01-23 06:01:39,902 [Worker-181: Building workspace] INFO  o.e.m.c.i.embedder.EclipseLogger - skip non existing resourceDirectory C:\Users\curso\Desktop\Robotics\Robotics\src\test\resources
2020-01-23 06:12:29,573 [Worker-186: Building workspace] INFO  o.e.m.c.i.embedder.EclipseLogger - Using 'UTF-8' encoding to copy filtered resources.
2020-01-23 06:12:29,574 [Worker-186: Building workspace] INFO  o.e.m.c.i.embedder.EclipseLogger - Copying 0 resource
2020-01-23 06:12:29,574 [Worker-186: Building workspace] INFO  o.e.m.c.i.embedder.EclipseLogger - Copying 1 resource
2020-01-23 06:12:29,625 [Worker-186: Building workspace] INFO  o.e.m.c.i.embedder.EclipseLogger - Using 'UTF-8' encoding to copy filtered resources.
2020-01-23 06:12:29,625 [Worker-186: Building workspace] INFO  o.e.m.c.i.embedder.EclipseLogger - skip non existing resourceDirectory C:\Users\curso\Desktop\Robotics\Robotics\src\test\resources
2020-01-23 06:12:29,850 [Worker-188: Building workspace] INFO  o.e.m.c.i.embedder.EclipseLogger - Using 'UTF-8' encoding to copy filtered resources.
2020-01-23 06:12:29,877 [Worker-188: Building workspace] INFO  o.e.m.c.i.embedder.EclipseLogger - Copying 3 resources
2020-01-23 06:12:29,921 [Worker-188: Building workspace] INFO  o.e.m.c.i.embedder.EclipseLogger - Copying 234 resources
2020-01-23 06:12:29,957 [Worker-188: Building workspace] INFO  o.e.m.c.i.embedder.EclipseLogger - Using 'UTF-8' encoding to copy filtered resources.
2020-01-23 06:12:29,957 [Worker-188: Building workspace] INFO  o.e.m.c.i.embedder.EclipseLogger - skip non existing resourceDirectory C:\Users\curso\Desktop\Robotics\Robotics\src\test\resources
2020-01-23 06:15:04,991 [Worker-190: Building workspace] INFO  o.e.m.c.i.embedder.EclipseLogger - Using 'UTF-8' encoding to copy filtered resources.
2020-01-23 06:15:04,992 [Worker-190: Building workspace] INFO  o.e.m.c.i.embedder.EclipseLogger - Copying 0 resource
2020-01-23 06:15:04,993 [Worker-190: Building workspace] INFO  o.e.m.c.i.embedder.EclipseLogger - Copying 1 resource
2020-01-23 06:15:05,041 [Worker-190: Building workspace] INFO  o.e.m.c.i.embedder.EclipseLogger - Using 'UTF-8' encoding to copy filtered resources.
2020-01-23 06:15:05,041 [Worker-190: Building workspace] INFO  o.e.m.c.i.embedder.EclipseLogger - skip non existing resourceDirectory C:\Users\curso\Desktop\Robotics\Robotics\src\test\resources
2020-01-23 06:26:48,035 [Worker-201: Building workspace] INFO  o.e.m.c.i.embedder.EclipseLogger - Using 'UTF-8' encoding to copy filtered resources.
2020-01-23 06:26:48,035 [Worker-201: Building workspace] INFO  o.e.m.c.i.embedder.EclipseLogger - Copying 0 resource
2020-01-23 06:26:48,036 [Worker-201: Building workspace] INFO  o.e.m.c.i.embedder.EclipseLogger - Copying 1 resource
2020-01-23 06:26:48,080 [Worker-201: Building workspace] INFO  o.e.m.c.i.embedder.EclipseLogger - Using 'UTF-8' encoding to copy filtered resources.
2020-01-23 06:26:48,080 [Worker-201: Building workspace] INFO  o.e.m.c.i.embedder.EclipseLogger - skip non existing resourceDirectory C:\Users\curso\Desktop\Robotics\Robotics\src\test\resources
2020-01-23 06:27:10,677 [Worker-197: Building workspace] INFO  o.e.m.c.i.embedder.EclipseLogger - Using 'UTF-8' encoding to copy filtered resources.
2020-01-23 06:27:10,678 [Worker-197: Building workspace] INFO  o.e.m.c.i.embedder.EclipseLogger - Copying 3 resources
2020-01-23 06:27:10,687 [Worker-197: Building workspace] INFO  o.e.m.c.i.embedder.EclipseLogger - Copying 234 resources
2020-01-23 06:27:14,914 [Worker-197: Building workspace] INFO  o.e.m.c.i.embedder.EclipseLogger - Using 'UTF-8' encoding to copy filtered resources.
2020-01-23 06:27:14,915 [Worker-197: Building workspace] INFO  o.e.m.c.i.embedder.EclipseLogger - skip non existing resourceDirectory C:\Users\curso\Desktop\Robotics\Robotics\src\test\resources
2020-01-23 06:31:44,626 [Worker-208: Building workspace] INFO  o.e.m.c.i.embedder.EclipseLogger - Using 'UTF-8' encoding to copy filtered resources.
2020-01-23 06:31:44,627 [Worker-208: Building workspace] INFO  o.e.m.c.i.embedder.EclipseLogger - Copying 3 resources
2020-01-23 06:31:44,651 [Worker-208: Building workspace] INFO  o.e.m.c.i.embedder.EclipseLogger - Copying 234 resources
2020-01-23 06:31:46,984 [Worker-208: Building workspace] INFO  o.e.m.c.i.embedder.EclipseLogger - Using 'UTF-8' encoding to copy filtered resources.
2020-01-23 06:31:46,985 [Worker-208: Building workspace] INFO  o.e.m.c.i.embedder.EclipseLogger - skip non existing resourceDirectory C:\Users\curso\Desktop\Robotics\Robotics\src\test\resources
2020-01-23 06:32:52,927 [Worker-197: Building workspace] INFO  o.e.m.c.i.embedder.EclipseLogger - Using 'UTF-8' encoding to copy filtered resources.
2020-01-23 06:32:52,928 [Worker-197: Building workspace] INFO  o.e.m.c.i.embedder.EclipseLogger - Copying 0 resource
2020-01-23 06:32:52,928 [Worker-197: Building workspace] INFO  o.e.m.c.i.embedder.EclipseLogger - Copying 1 resource
2020-01-23 06:32:52,931 [Worker-197: Building workspace] INFO  o.e.m.c.i.embedder.EclipseLogger - Using 'UTF-8' encoding to copy filtered resources.
2020-01-23 06:32:52,931 [Worker-197: Building workspace] INFO  o.e.m.c.i.embedder.EclipseLogger - skip non existing resourceDirectory C:\Users\curso\Desktop\Robotics\Robotics\src\test\resources
2020-01-23 06:37:12,110 [Worker-213: Building workspace] INFO  o.e.m.c.i.embedder.EclipseLogger - Using 'UTF-8' encoding to copy filtered resources.
2020-01-23 06:37:12,111 [Worker-213: Building workspace] INFO  o.e.m.c.i.embedder.EclipseLogger - Copying 0 resource
2020-01-23 06:37:12,111 [Worker-213: Building workspace] INFO  o.e.m.c.i.embedder.EclipseLogger - Copying 1 resource
2020-01-23 06:37:12,136 [Worker-213: Building workspace] INFO  o.e.m.c.i.embedder.EclipseLogger - Using 'UTF-8' encoding to copy filtered resources.
2020-01-23 06:37:12,136 [Worker-213: Building workspace] INFO  o.e.m.c.i.embedder.EclipseLogger - skip non existing resourceDirectory C:\Users\curso\Desktop\Robotics\Robotics\src\test\resources
2020-01-23 06:37:24,135 [Worker-214: Building workspace] INFO  o.e.m.c.i.embedder.EclipseLogger - Using 'UTF-8' encoding to copy filtered resources.
2020-01-23 06:37:24,136 [Worker-214: Building workspace] INFO  o.e.m.c.i.embedder.EclipseLogger - Copying 3 resources
2020-01-23 06:37:24,151 [Worker-214: Building workspace] INFO  o.e.m.c.i.embedder.EclipseLogger - Copying 234 resources
2020-01-23 06:37:26,388 [Worker-214: Building workspace] INFO  o.e.m.c.i.embedder.EclipseLogger - Using 'UTF-8' encoding to copy filtered resources.
2020-01-23 06:37:26,389 [Worker-214: Building workspace] INFO  o.e.m.c.i.embedder.EclipseLogger - skip non existing resourceDirectory C:\Users\curso\Desktop\Robotics\Robotics\src\test\resources
2020-01-23 06:38:16,364 [Worker-197: Building workspace] INFO  o.e.m.c.i.embedder.EclipseLogger - Using 'UTF-8' encoding to copy filtered resources.
2020-01-23 06:38:16,365 [Worker-197: Building workspace] INFO  o.e.m.c.i.embedder.EclipseLogger - Copying 0 resource
2020-01-23 06:38:16,365 [Worker-197: Building workspace] INFO  o.e.m.c.i.embedder.EclipseLogger - Copying 1 resource
2020-01-23 06:38:16,387 [Worker-197: Building workspace] INFO  o.e.m.c.i.embedder.EclipseLogger - Using 'UTF-8' encoding to copy filtered resources.
2020-01-23 06:38:16,387 [Worker-197: Building workspace] INFO  o.e.m.c.i.embedder.EclipseLogger - skip non existing resourceDirectory C:\Users\curso\Desktop\Robotics\Robotics\src\test\resources
2020-01-23 06:39:21,899 [Worker-213: Building workspace] INFO  o.e.m.c.i.embedder.EclipseLogger - Using 'UTF-8' encoding to copy filtered resources.
2020-01-23 06:39:21,900 [Worker-213: Building workspace] INFO  o.e.m.c.i.embedder.EclipseLogger - Copying 0 resource
2020-01-23 06:39:21,900 [Worker-213: Building workspace] INFO  o.e.m.c.i.embedder.EclipseLogger - Copying 1 resource
2020-01-23 06:39:21,919 [Worker-213: Building workspace] INFO  o.e.m.c.i.embedder.EclipseLogger - Using 'UTF-8' encoding to copy filtered resources.
2020-01-23 06:39:21,920 [Worker-213: Building workspace] INFO  o.e.m.c.i.embedder.EclipseLogger - skip non existing resourceDirectory C:\Users\curso\Desktop\Robotics\Robotics\src\test\resources
2020-01-23 13:58:40,582 [Worker-226: Building workspace] INFO  o.e.m.c.i.embedder.EclipseLogger - Using 'UTF-8' encoding to copy filtered resources.
2020-01-23 13:58:40,599 [Worker-226: Building workspace] INFO  o.e.m.c.i.embedder.EclipseLogger - Copying 3 resources
2020-01-23 13:58:40,626 [Worker-226: Building workspace] INFO  o.e.m.c.i.embedder.EclipseLogger - Copying 234 resources
2020-01-23 13:58:40,656 [Worker-226: Building workspace] INFO  o.e.m.c.i.embedder.EclipseLogger - Using 'UTF-8' encoding to copy filtered resources.
2020-01-23 13:58:40,656 [Worker-226: Building workspace] INFO  o.e.m.c.i.embedder.EclipseLogger - skip non existing resourceDirectory C:\Users\curso\Desktop\Robotics\Robotics\src\test\resources
2020-01-23 14:01:44,936 [Worker-221: Building workspace] INFO  o.e.m.c.i.embedder.EclipseLogger - Using 'UTF-8' encoding to copy filtered resources.
2020-01-23 14:01:44,936 [Worker-221: Building workspace] INFO  o.e.m.c.i.embedder.EclipseLogger - Copying 0 resource
2020-01-23 14:01:44,936 [Worker-221: Building workspace] INFO  o.e.m.c.i.embedder.EclipseLogger - Copying 1 resource
2020-01-23 14:01:44,949 [Worker-221: Building workspace] INFO  o.e.m.c.i.embedder.EclipseLogger - Using 'UTF-8' encoding to copy filtered resources.
2020-01-23 14:01:44,950 [Worker-221: Building workspace] INFO  o.e.m.c.i.embedder.EclipseLogger - skip non existing resourceDirectory C:\Users\curso\Desktop\Robotics\Robotics\src\test\resources
2020-01-23 14:02:32,046 [Worker-221: Building workspace] INFO  o.e.m.c.i.embedder.EclipseLogger - Using 'UTF-8' encoding to copy filtered resources.
2020-01-23 14:02:32,047 [Worker-221: Building workspace] INFO  o.e.m.c.i.embedder.EclipseLogger - Copying 0 resource
2020-01-23 14:02:32,047 [Worker-221: Building workspace] INFO  o.e.m.c.i.embedder.EclipseLogger - Copying 1 resource
2020-01-23 14:02:32,078 [Worker-221: Building workspace] INFO  o.e.m.c.i.embedder.EclipseLogger - Using 'UTF-8' encoding to copy filtered resources.
2020-01-23 14:02:32,078 [Worker-221: Building workspace] INFO  o.e.m.c.i.embedder.EclipseLogger - skip non existing resourceDirectory C:\Users\curso\Desktop\Robotics\Robotics\src\test\resources
2020-01-23 14:04:30,594 [Worker-230: Building workspace] INFO  o.e.m.c.i.embedder.EclipseLogger - Using 'UTF-8' encoding to copy filtered resources.
2020-01-23 14:04:30,595 [Worker-230: Building workspace] INFO  o.e.m.c.i.embedder.EclipseLogger - Copying 3 resources
2020-01-23 14:04:30,601 [Worker-230: Building workspace] INFO  o.e.m.c.i.embedder.EclipseLogger - Copying 234 resources
2020-01-23 14:04:31,943 [Worker-230: Building workspace] INFO  o.e.m.c.i.embedder.EclipseLogger - Using 'UTF-8' encoding to copy filtered resources.
2020-01-23 14:04:31,944 [Worker-230: Building workspace] INFO  o.e.m.c.i.embedder.EclipseLogger - skip non existing resourceDirectory C:\Users\curso\Desktop\Robotics\Robotics\src\test\resources
2020-01-23 14:10:29,842 [Worker-237: Building workspace] INFO  o.e.m.c.i.embedder.EclipseLogger - Using 'UTF-8' encoding to copy filtered resources.
2020-01-23 14:10:29,843 [Worker-237: Building workspace] INFO  o.e.m.c.i.embedder.EclipseLogger - Copying 0 resource
2020-01-23 14:10:29,843 [Worker-237: Building workspace] INFO  o.e.m.c.i.embedder.EclipseLogger - Copying 1 resource
2020-01-23 14:10:29,868 [Worker-237: Building workspace] INFO  o.e.m.c.i.embedder.EclipseLogger - Using 'UTF-8' encoding to copy filtered resources.
2020-01-23 14:10:29,868 [Worker-237: Building workspace] INFO  o.e.m.c.i.embedder.EclipseLogger - skip non existing resourceDirectory C:\Users\curso\Desktop\Robotics\Robotics\src\test\resources
2020-01-23 14:20:44,864 [Worker-238: Building workspace] INFO  o.e.m.c.i.embedder.EclipseLogger - Using 'UTF-8' encoding to copy filtered resources.
2020-01-23 14:20:44,864 [Worker-238: Building workspace] INFO  o.e.m.c.i.embedder.EclipseLogger - Copying 0 resource
2020-01-23 14:20:44,865 [Worker-238: Building workspace] INFO  o.e.m.c.i.embedder.EclipseLogger - Copying 1 resource
2020-01-23 14:20:44,887 [Worker-238: Building workspace] INFO  o.e.m.c.i.embedder.EclipseLogger - Using 'UTF-8' encoding to copy filtered resources.
2020-01-23 14:20:44,887 [Worker-238: Building workspace] INFO  o.e.m.c.i.embedder.EclipseLogger - skip non existing resourceDirectory C:\Users\curso\Desktop\Robotics\Robotics\src\test\resources
2020-01-23 14:25:16,601 [Worker-245: Building workspace] INFO  o.e.m.c.i.embedder.EclipseLogger - Using 'UTF-8' encoding to copy filtered resources.
2020-01-23 14:25:16,601 [Worker-245: Building workspace] INFO  o.e.m.c.i.embedder.EclipseLogger - Copying 0 resource
2020-01-23 14:25:16,602 [Worker-245: Building workspace] INFO  o.e.m.c.i.embedder.EclipseLogger - Copying 1 resource
2020-01-23 14:25:16,624 [Worker-245: Building workspace] INFO  o.e.m.c.i.embedder.EclipseLogger - Using 'UTF-8' encoding to copy filtered resources.
2020-01-23 14:25:16,624 [Worker-245: Building workspace] INFO  o.e.m.c.i.embedder.EclipseLogger - skip non existing resourceDirectory C:\Users\curso\Desktop\Robotics\Robotics\src\test\resources
2020-01-23 14:26:37,738 [Worker-245: Building workspace] INFO  o.e.m.c.i.embedder.EclipseLogger - Using 'UTF-8' encoding to copy filtered resources.
2020-01-23 14:26:37,739 [Worker-245: Building workspace] INFO  o.e.m.c.i.embedder.EclipseLogger - Copying 0 resource
2020-01-23 14:26:37,739 [Worker-245: Building workspace] INFO  o.e.m.c.i.embedder.EclipseLogger - Copying 1 resource
2020-01-23 14:26:37,762 [Worker-245: Building workspace] INFO  o.e.m.c.i.embedder.EclipseLogger - Using 'UTF-8' encoding to copy filtered resources.
2020-01-23 14:26:37,762 [Worker-245: Building workspace] INFO  o.e.m.c.i.embedder.EclipseLogger - skip non existing resourceDirectory C:\Users\curso\Desktop\Robotics\Robotics\src\test\resources
2020-01-23 14:29:29,407 [Worker-245: Building workspace] INFO  o.e.m.c.i.embedder.EclipseLogger - Using 'UTF-8' encoding to copy filtered resources.
2020-01-23 14:29:29,407 [Worker-245: Building workspace] INFO  o.e.m.c.i.embedder.EclipseLogger - Copying 0 resource
2020-01-23 14:29:29,408 [Worker-245: Building workspace] INFO  o.e.m.c.i.embedder.EclipseLogger - Copying 1 resource
2020-01-23 14:29:29,434 [Worker-245: Building workspace] INFO  o.e.m.c.i.embedder.EclipseLogger - Using 'UTF-8' encoding to copy filtered resources.
2020-01-23 14:29:29,435 [Worker-245: Building workspace] INFO  o.e.m.c.i.embedder.EclipseLogger - skip non existing resourceDirectory C:\Users\curso\Desktop\Robotics\Robotics\src\test\resources
2020-01-23 14:31:23,271 [Worker-250: Building workspace] INFO  o.e.m.c.i.embedder.EclipseLogger - Using 'UTF-8' encoding to copy filtered resources.
2020-01-23 14:31:23,272 [Worker-250: Building workspace] INFO  o.e.m.c.i.embedder.EclipseLogger - Copying 3 resources
2020-01-23 14:31:23,281 [Worker-250: Building workspace] INFO  o.e.m.c.i.embedder.EclipseLogger - Copying 234 resources
2020-01-23 14:31:24,536 [Worker-250: Building workspace] INFO  o.e.m.c.i.embedder.EclipseLogger - Using 'UTF-8' encoding to copy filtered resources.
2020-01-23 14:31:24,536 [Worker-250: Building workspace] INFO  o.e.m.c.i.embedder.EclipseLogger - skip non existing resourceDirectory C:\Users\curso\Desktop\Robotics\Robotics\src\test\resources
2020-01-23 14:32:11,101 [Worker-252: Building workspace] INFO  o.e.m.c.i.embedder.EclipseLogger - Using 'UTF-8' encoding to copy filtered resources.
2020-01-23 14:32:11,101 [Worker-252: Building workspace] INFO  o.e.m.c.i.embedder.EclipseLogger - Copying 0 resource
2020-01-23 14:32:11,102 [Worker-252: Building workspace] INFO  o.e.m.c.i.embedder.EclipseLogger - Copying 1 resource
2020-01-23 14:32:11,103 [Worker-252: Building workspace] INFO  o.e.m.c.i.embedder.EclipseLogger - Using 'UTF-8' encoding to copy filtered resources.
2020-01-23 14:32:11,103 [Worker-252: Building workspace] INFO  o.e.m.c.i.embedder.EclipseLogger - skip non existing resourceDirectory C:\Users\curso\Desktop\Robotics\Robotics\src\test\resources
2020-01-23 14:33:08,779 [Worker-252: Building workspace] INFO  o.e.m.c.i.embedder.EclipseLogger - Using 'UTF-8' encoding to copy filtered resources.
2020-01-23 14:33:08,779 [Worker-252: Building workspace] INFO  o.e.m.c.i.embedder.EclipseLogger - Copying 0 resource
2020-01-23 14:33:08,779 [Worker-252: Building workspace] INFO  o.e.m.c.i.embedder.EclipseLogger - Copying 1 resource
2020-01-23 14:33:08,802 [Worker-252: Building workspace] INFO  o.e.m.c.i.embedder.EclipseLogger - Using 'UTF-8' encoding to copy filtered resources.
2020-01-23 14:33:08,802 [Worker-252: Building workspace] INFO  o.e.m.c.i.embedder.EclipseLogger - skip non existing resourceDirectory C:\Users\curso\Desktop\Robotics\Robotics\src\test\resources
2020-01-23 14:33:29,017 [Worker-251: Building workspace] INFO  o.e.m.c.i.embedder.EclipseLogger - Using 'UTF-8' encoding to copy filtered resources.
2020-01-23 14:33:29,017 [Worker-251: Building workspace] INFO  o.e.m.c.i.embedder.EclipseLogger - Copying 3 resources
2020-01-23 14:33:29,026 [Worker-251: Building workspace] INFO  o.e.m.c.i.embedder.EclipseLogger - Copying 234 resources
2020-01-23 14:33:30,187 [Worker-251: Building workspace] INFO  o.e.m.c.i.embedder.EclipseLogger - Using 'UTF-8' encoding to copy filtered resources.
2020-01-23 14:33:30,188 [Worker-251: Building workspace] INFO  o.e.m.c.i.embedder.EclipseLogger - skip non existing resourceDirectory C:\Users\curso\Desktop\Robotics\Robotics\src\test\resources
2020-01-23 14:35:20,037 [Worker-253: Building workspace] INFO  o.e.m.c.i.embedder.EclipseLogger - Using 'UTF-8' encoding to copy filtered resources.
2020-01-23 14:35:20,038 [Worker-253: Building workspace] INFO  o.e.m.c.i.embedder.EclipseLogger - Copying 3 resources
2020-01-23 14:35:20,048 [Worker-253: Building workspace] INFO  o.e.m.c.i.embedder.EclipseLogger - Copying 234 resources
2020-01-23 14:35:21,234 [Worker-253: Building workspace] INFO  o.e.m.c.i.embedder.EclipseLogger - Using 'UTF-8' encoding to copy filtered resources.
2020-01-23 14:35:21,234 [Worker-253: Building workspace] INFO  o.e.m.c.i.embedder.EclipseLogger - skip non existing resourceDirectory C:\Users\curso\Desktop\Robotics\Robotics\src\test\resources
2020-01-23 14:35:22,419 [Worker-252: Building workspace] INFO  o.e.m.c.i.embedder.EclipseLogger - Using 'UTF-8' encoding to copy filtered resources.
2020-01-23 14:35:22,420 [Worker-252: Building workspace] INFO  o.e.m.c.i.embedder.EclipseLogger - Copying 0 resource
2020-01-23 14:35:22,420 [Worker-252: Building workspace] INFO  o.e.m.c.i.embedder.EclipseLogger - Copying 1 resource
2020-01-23 14:35:22,421 [Worker-252: Building workspace] INFO  o.e.m.c.i.embedder.EclipseLogger - Using 'UTF-8' encoding to copy filtered resources.
2020-01-23 14:35:22,421 [Worker-252: Building workspace] INFO  o.e.m.c.i.embedder.EclipseLogger - skip non existing resourceDirectory C:\Users\curso\Desktop\Robotics\Robotics\src\test\resources
2020-01-23 14:35:29,918 [Worker-245: Building workspace] INFO  o.e.m.c.i.embedder.EclipseLogger - Using 'UTF-8' encoding to copy filtered resources.
2020-01-23 14:35:29,919 [Worker-245: Building workspace] INFO  o.e.m.c.i.embedder.EclipseLogger - Copying 3 resources
2020-01-23 14:35:29,928 [Worker-245: Building workspace] INFO  o.e.m.c.i.embedder.EclipseLogger - Copying 234 resources
2020-01-23 14:35:31,084 [Worker-245: Building workspace] INFO  o.e.m.c.i.embedder.EclipseLogger - Using 'UTF-8' encoding to copy filtered resources.
2020-01-23 14:35:31,084 [Worker-245: Building workspace] INFO  o.e.m.c.i.embedder.EclipseLogger - skip non existing resourceDirectory C:\Users\curso\Desktop\Robotics\Robotics\src\test\resources
2020-01-23 14:36:05,920 [Worker-245: Building workspace] INFO  o.e.m.c.i.embedder.EclipseLogger - Using 'UTF-8' encoding to copy filtered resources.
2020-01-23 14:36:05,921 [Worker-245: Building workspace] INFO  o.e.m.c.i.embedder.EclipseLogger - Copying 0 resource
2020-01-23 14:36:05,922 [Worker-245: Building workspace] INFO  o.e.m.c.i.embedder.EclipseLogger - Copying 1 resource
2020-01-23 14:36:05,944 [Worker-245: Building workspace] INFO  o.e.m.c.i.embedder.EclipseLogger - Using 'UTF-8' encoding to copy filtered resources.
2020-01-23 14:36:05,945 [Worker-245: Building workspace] INFO  o.e.m.c.i.embedder.EclipseLogger - skip non existing resourceDirectory C:\Users\curso\Desktop\Robotics\Robotics\src\test\resources
2020-01-23 14:36:18,041 [Worker-245: Building workspace] INFO  o.e.m.c.i.embedder.EclipseLogger - Using 'UTF-8' encoding to copy filtered resources.
2020-01-23 14:36:18,041 [Worker-245: Building workspace] INFO  o.e.m.c.i.embedder.EclipseLogger - Copying 3 resources
2020-01-23 14:36:18,051 [Worker-245: Building workspace] INFO  o.e.m.c.i.embedder.EclipseLogger - Copying 234 resources
2020-01-23 14:36:19,210 [Worker-245: Building workspace] INFO  o.e.m.c.i.embedder.EclipseLogger - Using 'UTF-8' encoding to copy filtered resources.
2020-01-23 14:36:19,210 [Worker-245: Building workspace] INFO  o.e.m.c.i.embedder.EclipseLogger - skip non existing resourceDirectory C:\Users\curso\Desktop\Robotics\Robotics\src\test\resources
2020-01-23 14:36:22,618 [Worker-245: Building workspace] INFO  o.e.m.c.i.embedder.EclipseLogger - Using 'UTF-8' encoding to copy filtered resources.
2020-01-23 14:36:22,618 [Worker-245: Building workspace] INFO  o.e.m.c.i.embedder.EclipseLogger - Copying 3 resources
2020-01-23 14:36:22,630 [Worker-245: Building workspace] INFO  o.e.m.c.i.embedder.EclipseLogger - Copying 234 resources
2020-01-23 14:36:23,787 [Worker-245: Building workspace] INFO  o.e.m.c.i.embedder.EclipseLogger - Using 'UTF-8' encoding to copy filtered resources.
2020-01-23 14:36:23,787 [Worker-245: Building workspace] INFO  o.e.m.c.i.embedder.EclipseLogger - skip non existing resourceDirectory C:\Users\curso\Desktop\Robotics\Robotics\src\test\resources
2020-01-23 14:37:41,091 [Worker-254: Building workspace] INFO  o.e.m.c.i.embedder.EclipseLogger - Using 'UTF-8' encoding to copy filtered resources.
2020-01-23 14:37:41,092 [Worker-254: Building workspace] INFO  o.e.m.c.i.embedder.EclipseLogger - Copying 3 resources
2020-01-23 14:37:41,101 [Worker-254: Building workspace] INFO  o.e.m.c.i.embedder.EclipseLogger - Copying 234 resources
2020-01-23 14:37:42,286 [Worker-254: Building workspace] INFO  o.e.m.c.i.embedder.EclipseLogger - Using 'UTF-8' encoding to copy filtered resources.
2020-01-23 14:37:42,286 [Worker-254: Building workspace] INFO  o.e.m.c.i.embedder.EclipseLogger - skip non existing resourceDirectory C:\Users\curso\Desktop\Robotics\Robotics\src\test\resources
2020-01-23 14:37:53,508 [Worker-251: Building workspace] INFO  o.e.m.c.i.embedder.EclipseLogger - Using 'UTF-8' encoding to copy filtered resources.
2020-01-23 14:37:53,509 [Worker-251: Building workspace] INFO  o.e.m.c.i.embedder.EclipseLogger - Copying 3 resources
2020-01-23 14:37:53,518 [Worker-251: Building workspace] INFO  o.e.m.c.i.embedder.EclipseLogger - Copying 234 resources
2020-01-23 14:37:54,652 [Worker-251: Building workspace] INFO  o.e.m.c.i.embedder.EclipseLogger - Using 'UTF-8' encoding to copy filtered resources.
2020-01-23 14:37:54,652 [Worker-251: Building workspace] INFO  o.e.m.c.i.embedder.EclipseLogger - skip non existing resourceDirectory C:\Users\curso\Desktop\Robotics\Robotics\src\test\resources
2020-01-23 14:38:06,620 [Worker-250: Building workspace] INFO  o.e.m.c.i.embedder.EclipseLogger - Using 'UTF-8' encoding to copy filtered resources.
2020-01-23 14:38:06,620 [Worker-250: Building workspace] INFO  o.e.m.c.i.embedder.EclipseLogger - Copying 3 resources
2020-01-23 14:38:06,630 [Worker-250: Building workspace] INFO  o.e.m.c.i.embedder.EclipseLogger - Copying 234 resources
2020-01-23 14:38:07,816 [Worker-250: Building workspace] INFO  o.e.m.c.i.embedder.EclipseLogger - Using 'UTF-8' encoding to copy filtered resources.
2020-01-23 14:38:07,816 [Worker-250: Building workspace] INFO  o.e.m.c.i.embedder.EclipseLogger - skip non existing resourceDirectory C:\Users\curso\Desktop\Robotics\Robotics\src\test\resources
2020-01-23 14:40:18,635 [Worker-257: Building workspace] INFO  o.e.m.c.i.embedder.EclipseLogger - Using 'UTF-8' encoding to copy filtered resources.
2020-01-23 14:40:18,635 [Worker-257: Building workspace] INFO  o.e.m.c.i.embedder.EclipseLogger - Copying 0 resource
2020-01-23 14:40:18,636 [Worker-257: Building workspace] INFO  o.e.m.c.i.embedder.EclipseLogger - Copying 1 resource
2020-01-23 14:40:18,637 [Worker-257: Building workspace] INFO  o.e.m.c.i.embedder.EclipseLogger - Using 'UTF-8' encoding to copy filtered resources.
2020-01-23 14:40:18,637 [Worker-257: Building workspace] INFO  o.e.m.c.i.embedder.EclipseLogger - skip non existing resourceDirectory C:\Users\curso\Desktop\Robotics\Robotics\src\test\resources
2020-01-23 14:41:39,015 [Worker-254: Building workspace] INFO  o.e.m.c.i.embedder.EclipseLogger - Using 'UTF-8' encoding to copy filtered resources.
2020-01-23 14:41:39,015 [Worker-254: Building workspace] INFO  o.e.m.c.i.embedder.EclipseLogger - Copying 0 resource
2020-01-23 14:41:39,015 [Worker-254: Building workspace] INFO  o.e.m.c.i.embedder.EclipseLogger - Copying 1 resource
2020-01-23 14:41:39,040 [Worker-254: Building workspace] INFO  o.e.m.c.i.embedder.EclipseLogger - Using 'UTF-8' encoding to copy filtered resources.
2020-01-23 14:41:39,041 [Worker-254: Building workspace] INFO  o.e.m.c.i.embedder.EclipseLogger - skip non existing resourceDirectory C:\Users\curso\Desktop\Robotics\Robotics\src\test\resources
2020-01-23 14:58:26,505 [Worker-254: Building workspace] INFO  o.e.m.c.i.embedder.EclipseLogger - Using 'UTF-8' encoding to copy filtered resources.
2020-01-23 14:58:26,505 [Worker-254: Building workspace] INFO  o.e.m.c.i.embedder.EclipseLogger - Copying 0 resource
2020-01-23 14:58:26,506 [Worker-254: Building workspace] INFO  o.e.m.c.i.embedder.EclipseLogger - Copying 1 resource
2020-01-23 14:58:26,530 [Worker-254: Building workspace] INFO  o.e.m.c.i.embedder.EclipseLogger - Using 'UTF-8' encoding to copy filtered resources.
2020-01-23 14:58:26,530 [Worker-254: Building workspace] INFO  o.e.m.c.i.embedder.EclipseLogger - skip non existing resourceDirectory C:\Users\curso\Desktop\Robotics\Robotics\src\test\resources
2020-01-23 15:24:28,805 [Worker-260: Building workspace] INFO  o.e.m.c.i.embedder.EclipseLogger - Using 'UTF-8' encoding to copy filtered resources.
2020-01-23 15:24:28,805 [Worker-260: Building workspace] INFO  o.e.m.c.i.embedder.EclipseLogger - Copying 0 resource
2020-01-23 15:24:28,806 [Worker-260: Building workspace] INFO  o.e.m.c.i.embedder.EclipseLogger - Copying 1 resource
2020-01-23 15:24:28,831 [Worker-260: Building workspace] INFO  o.e.m.c.i.embedder.EclipseLogger - Using 'UTF-8' encoding to copy filtered resources.
2020-01-23 15:24:28,832 [Worker-260: Building workspace] INFO  o.e.m.c.i.embedder.EclipseLogger - skip non existing resourceDirectory C:\Users\curso\Desktop\Robotics\Robotics\src\test\resources
2020-01-23 15:26:44,810 [Worker-254: Building workspace] INFO  o.e.m.c.i.embedder.EclipseLogger - Using 'UTF-8' encoding to copy filtered resources.
2020-01-23 15:26:44,811 [Worker-254: Building workspace] INFO  o.e.m.c.i.embedder.EclipseLogger - Copying 0 resource
2020-01-23 15:26:44,811 [Worker-254: Building workspace] INFO  o.e.m.c.i.embedder.EclipseLogger - Copying 1 resource
2020-01-23 15:26:44,836 [Worker-254: Building workspace] INFO  o.e.m.c.i.embedder.EclipseLogger - Using 'UTF-8' encoding to copy filtered resources.
2020-01-23 15:26:44,836 [Worker-254: Building workspace] INFO  o.e.m.c.i.embedder.EclipseLogger - skip non existing resourceDirectory C:\Users\curso\Desktop\Robotics\Robotics\src\test\resources
2020-01-23 15:26:51,663 [Worker-254: Building workspace] INFO  o.e.m.c.i.embedder.EclipseLogger - Using 'UTF-8' encoding to copy filtered resources.
2020-01-23 15:26:51,663 [Worker-254: Building workspace] INFO  o.e.m.c.i.embedder.EclipseLogger - Copying 0 resource
2020-01-23 15:26:51,663 [Worker-254: Building workspace] INFO  o.e.m.c.i.embedder.EclipseLogger - Copying 1 resource
2020-01-23 15:26:51,686 [Worker-254: Building workspace] INFO  o.e.m.c.i.embedder.EclipseLogger - Using 'UTF-8' encoding to copy filtered resources.
2020-01-23 15:26:51,686 [Worker-254: Building workspace] INFO  o.e.m.c.i.embedder.EclipseLogger - skip non existing resourceDirectory C:\Users\curso\Desktop\Robotics\Robotics\src\test\resources
2020-01-23 15:27:04,869 [Worker-263: Building workspace] INFO  o.e.m.c.i.embedder.EclipseLogger - Using 'UTF-8' encoding to copy filtered resources.
2020-01-23 15:27:04,869 [Worker-263: Building workspace] INFO  o.e.m.c.i.embedder.EclipseLogger - Copying 3 resources
2020-01-23 15:27:04,878 [Worker-263: Building workspace] INFO  o.e.m.c.i.embedder.EclipseLogger - Copying 234 resources
2020-01-23 15:27:06,142 [Worker-263: Building workspace] INFO  o.e.m.c.i.embedder.EclipseLogger - Using 'UTF-8' encoding to copy filtered resources.
2020-01-23 15:27:06,142 [Worker-263: Building workspace] INFO  o.e.m.c.i.embedder.EclipseLogger - skip non existing resourceDirectory C:\Users\curso\Desktop\Robotics\Robotics\src\test\resources
2020-01-23 15:27:49,281 [Worker-266: Building workspace] INFO  o.e.m.c.i.embedder.EclipseLogger - Using 'UTF-8' encoding to copy filtered resources.
2020-01-23 15:27:49,281 [Worker-266: Building workspace] INFO  o.e.m.c.i.embedder.EclipseLogger - Copying 0 resource
2020-01-23 15:27:49,281 [Worker-266: Building workspace] INFO  o.e.m.c.i.embedder.EclipseLogger - Copying 1 resource
2020-01-23 15:27:49,283 [Worker-266: Building workspace] INFO  o.e.m.c.i.embedder.EclipseLogger - Using 'UTF-8' encoding to copy filtered resources.
2020-01-23 15:27:49,283 [Worker-266: Building workspace] INFO  o.e.m.c.i.embedder.EclipseLogger - skip non existing resourceDirectory C:\Users\curso\Desktop\Robotics\Robotics\src\test\resources
2020-01-23 15:27:56,015 [Worker-264: Building workspace] INFO  o.e.m.c.i.embedder.EclipseLogger - Using 'UTF-8' encoding to copy filtered resources.
2020-01-23 15:27:56,015 [Worker-264: Building workspace] INFO  o.e.m.c.i.embedder.EclipseLogger - Copying 0 resource
2020-01-23 15:27:56,016 [Worker-264: Building workspace] INFO  o.e.m.c.i.embedder.EclipseLogger - Copying 1 resource
2020-01-23 15:27:56,042 [Worker-264: Building workspace] INFO  o.e.m.c.i.embedder.EclipseLogger - Using 'UTF-8' encoding to copy filtered resources.
2020-01-23 15:27:56,042 [Worker-264: Building workspace] INFO  o.e.m.c.i.embedder.EclipseLogger - skip non existing resourceDirectory C:\Users\curso\Desktop\Robotics\Robotics\src\test\resources
2020-01-23 15:28:19,513 [Worker-264: Building workspace] INFO  o.e.m.c.i.embedder.EclipseLogger - Using 'UTF-8' encoding to copy filtered resources.
2020-01-23 15:28:19,513 [Worker-264: Building workspace] INFO  o.e.m.c.i.embedder.EclipseLogger - Copying 0 resource
2020-01-23 15:28:19,513 [Worker-264: Building workspace] INFO  o.e.m.c.i.embedder.EclipseLogger - Copying 1 resource
2020-01-23 15:28:19,537 [Worker-264: Building workspace] INFO  o.e.m.c.i.embedder.EclipseLogger - Using 'UTF-8' encoding to copy filtered resources.
2020-01-23 15:28:19,537 [Worker-264: Building workspace] INFO  o.e.m.c.i.embedder.EclipseLogger - skip non existing resourceDirectory C:\Users\curso\Desktop\Robotics\Robotics\src\test\resources
2020-01-23 15:37:42,459 [Worker-270: Building workspace] INFO  o.e.m.c.i.embedder.EclipseLogger - Using 'UTF-8' encoding to copy filtered resources.
2020-01-23 15:37:42,460 [Worker-270: Building workspace] INFO  o.e.m.c.i.embedder.EclipseLogger - Copying 3 resources
2020-01-23 15:37:42,469 [Worker-270: Building workspace] INFO  o.e.m.c.i.embedder.EclipseLogger - Copying 234 resources
2020-01-23 15:37:43,753 [Worker-270: Building workspace] INFO  o.e.m.c.i.embedder.EclipseLogger - Using 'UTF-8' encoding to copy filtered resources.
2020-01-23 15:37:43,753 [Worker-270: Building workspace] INFO  o.e.m.c.i.embedder.EclipseLogger - skip non existing resourceDirectory C:\Users\curso\Desktop\Robotics\Robotics\src\test\resources
2020-01-23 15:37:45,011 [Worker-266: Building workspace] INFO  o.e.m.c.i.embedder.EclipseLogger - Using 'UTF-8' encoding to copy filtered resources.
2020-01-23 15:37:45,011 [Worker-266: Building workspace] INFO  o.e.m.c.i.embedder.EclipseLogger - Copying 0 resource
2020-01-23 15:37:45,012 [Worker-266: Building workspace] INFO  o.e.m.c.i.embedder.EclipseLogger - Copying 1 resource
2020-01-23 15:37:45,014 [Worker-266: Building workspace] INFO  o.e.m.c.i.embedder.EclipseLogger - Using 'UTF-8' encoding to copy filtered resources.
2020-01-23 15:37:45,014 [Worker-266: Building workspace] INFO  o.e.m.c.i.embedder.EclipseLogger - skip non existing resourceDirectory C:\Users\curso\Desktop\Robotics\Robotics\src\test\resources
2020-01-23 15:51:27,129 [Worker-277: Building workspace] INFO  o.e.m.c.i.embedder.EclipseLogger - Using 'UTF-8' encoding to copy filtered resources.
2020-01-23 15:51:27,144 [Worker-277: Building workspace] INFO  o.e.m.c.i.embedder.EclipseLogger - Copying 3 resources
2020-01-23 15:51:27,166 [Worker-277: Building workspace] INFO  o.e.m.c.i.embedder.EclipseLogger - Copying 234 resources
2020-01-23 15:51:27,184 [Worker-277: Building workspace] INFO  o.e.m.c.i.embedder.EclipseLogger - Using 'UTF-8' encoding to copy filtered resources.
2020-01-23 15:51:27,184 [Worker-277: Building workspace] INFO  o.e.m.c.i.embedder.EclipseLogger - skip non existing resourceDirectory C:\Users\curso\Desktop\Robotics\Robotics\src\test\resources
2020-01-23 15:53:55,608 [Worker-270: Building workspace] INFO  o.e.m.c.i.embedder.EclipseLogger - Using 'UTF-8' encoding to copy filtered resources.
2020-01-23 15:53:55,623 [Worker-270: Building workspace] INFO  o.e.m.c.i.embedder.EclipseLogger - Copying 3 resources
2020-01-23 15:53:55,641 [Worker-270: Building workspace] INFO  o.e.m.c.i.embedder.EclipseLogger - Copying 234 resources
2020-01-23 15:53:55,659 [Worker-270: Building workspace] INFO  o.e.m.c.i.embedder.EclipseLogger - Using 'UTF-8' encoding to copy filtered resources.
2020-01-23 15:53:55,659 [Worker-270: Building workspace] INFO  o.e.m.c.i.embedder.EclipseLogger - skip non existing resourceDirectory C:\Users\curso\Desktop\Robotics\Robotics\src\test\resources
2020-01-23 15:54:16,194 [Worker-278: Building workspace] INFO  o.e.m.c.i.embedder.EclipseLogger - Using 'UTF-8' encoding to copy filtered resources.
2020-01-23 15:54:16,209 [Worker-278: Building workspace] INFO  o.e.m.c.i.embedder.EclipseLogger - Copying 3 resources
2020-01-23 15:54:16,227 [Worker-278: Building workspace] INFO  o.e.m.c.i.embedder.EclipseLogger - Copying 234 resources
2020-01-23 15:54:16,246 [Worker-278: Building workspace] INFO  o.e.m.c.i.embedder.EclipseLogger - Using 'UTF-8' encoding to copy filtered resources.
2020-01-23 15:54:16,246 [Worker-278: Building workspace] INFO  o.e.m.c.i.embedder.EclipseLogger - skip non existing resourceDirectory C:\Users\curso\Desktop\Robotics\Robotics\src\test\resources
2020-01-23 15:56:01,814 [Worker-280: Building workspace] INFO  o.e.m.c.i.embedder.EclipseLogger - Using 'UTF-8' encoding to copy filtered resources.
2020-01-23 15:56:01,815 [Worker-280: Building workspace] INFO  o.e.m.c.i.embedder.EclipseLogger - Copying 3 resources
2020-01-23 15:56:01,821 [Worker-280: Building workspace] INFO  o.e.m.c.i.embedder.EclipseLogger - Copying 234 resources
2020-01-23 15:56:03,045 [Worker-280: Building workspace] INFO  o.e.m.c.i.embedder.EclipseLogger - Using 'UTF-8' encoding to copy filtered resources.
2020-01-23 15:56:03,045 [Worker-280: Building workspace] INFO  o.e.m.c.i.embedder.EclipseLogger - skip non existing resourceDirectory C:\Users\curso\Desktop\Robotics\Robotics\src\test\resources
2020-01-23 16:03:11,007 [Worker-284: Building workspace] INFO  o.e.m.c.i.embedder.EclipseLogger - Using 'UTF-8' encoding to copy filtered resources.
2020-01-23 16:03:11,032 [Worker-284: Building workspace] INFO  o.e.m.c.i.embedder.EclipseLogger - Copying 3 resources
2020-01-23 16:03:11,069 [Worker-284: Building workspace] INFO  o.e.m.c.i.embedder.EclipseLogger - Copying 234 resources
2020-01-23 16:03:11,101 [Worker-284: Building workspace] INFO  o.e.m.c.i.embedder.EclipseLogger - Using 'UTF-8' encoding to copy filtered resources.
2020-01-23 16:03:11,101 [Worker-284: Building workspace] INFO  o.e.m.c.i.embedder.EclipseLogger - skip non existing resourceDirectory C:\Users\curso\Desktop\Robotics\Robotics\src\test\resources
2020-01-23 16:03:54,309 [Worker-282: Building workspace] INFO  o.e.m.c.i.embedder.EclipseLogger - Using 'UTF-8' encoding to copy filtered resources.
2020-01-23 16:03:54,334 [Worker-282: Building workspace] INFO  o.e.m.c.i.embedder.EclipseLogger - Copying 3 resources
2020-01-23 16:03:54,364 [Worker-282: Building workspace] INFO  o.e.m.c.i.embedder.EclipseLogger - Copying 234 resources
2020-01-23 16:03:54,414 [Worker-282: Building workspace] INFO  o.e.m.c.i.embedder.EclipseLogger - Using 'UTF-8' encoding to copy filtered resources.
2020-01-23 16:03:54,415 [Worker-282: Building workspace] INFO  o.e.m.c.i.embedder.EclipseLogger - skip non existing resourceDirectory C:\Users\curso\Desktop\Robotics\Robotics\src\test\resources
2020-01-23 16:04:01,465 [Worker-286: Building workspace] INFO  o.e.m.c.i.embedder.EclipseLogger - Using 'UTF-8' encoding to copy filtered resources.
2020-01-23 16:04:01,466 [Worker-286: Building workspace] INFO  o.e.m.c.i.embedder.EclipseLogger - Copying 3 resources
2020-01-23 16:04:01,475 [Worker-286: Building workspace] INFO  o.e.m.c.i.embedder.EclipseLogger - Copying 234 resources
2020-01-23 16:04:03,492 [Worker-286: Building workspace] INFO  o.e.m.c.i.embedder.EclipseLogger - Using 'UTF-8' encoding to copy filtered resources.
2020-01-23 16:04:03,492 [Worker-286: Building workspace] INFO  o.e.m.c.i.embedder.EclipseLogger - skip non existing resourceDirectory C:\Users\curso\Desktop\Robotics\Robotics\src\test\resources
2020-01-23 16:09:52,198 [Worker-280: Building workspace] INFO  o.e.m.c.i.embedder.EclipseLogger - Using 'UTF-8' encoding to copy filtered resources.
2020-01-23 16:09:52,216 [Worker-280: Building workspace] INFO  o.e.m.c.i.embedder.EclipseLogger - Copying 3 resources
2020-01-23 16:09:52,250 [Worker-280: Building workspace] INFO  o.e.m.c.i.embedder.EclipseLogger - Copying 234 resources
2020-01-23 16:09:52,275 [Worker-280: Building workspace] INFO  o.e.m.c.i.embedder.EclipseLogger - Using 'UTF-8' encoding to copy filtered resources.
2020-01-23 16:09:52,275 [Worker-280: Building workspace] INFO  o.e.m.c.i.embedder.EclipseLogger - skip non existing resourceDirectory C:\Users\curso\Desktop\Robotics\Robotics\src\test\resources
2020-01-23 16:11:49,930 [Worker-290: Building workspace] INFO  o.e.m.c.i.embedder.EclipseLogger - Using 'UTF-8' encoding to copy filtered resources.
2020-01-23 16:11:49,956 [Worker-290: Building workspace] INFO  o.e.m.c.i.embedder.EclipseLogger - Copying 3 resources
2020-01-23 16:11:49,989 [Worker-290: Building workspace] INFO  o.e.m.c.i.embedder.EclipseLogger - Copying 234 resources
2020-01-23 16:11:50,022 [Worker-290: Building workspace] INFO  o.e.m.c.i.embedder.EclipseLogger - Using 'UTF-8' encoding to copy filtered resources.
2020-01-23 16:11:50,022 [Worker-290: Building workspace] INFO  o.e.m.c.i.embedder.EclipseLogger - skip non existing resourceDirectory C:\Users\curso\Desktop\Robotics\Robotics\src\test\resources
2020-01-23 16:12:47,417 [Worker-290: Building workspace] INFO  o.e.m.c.i.embedder.EclipseLogger - Using 'UTF-8' encoding to copy filtered resources.
2020-01-23 16:12:47,440 [Worker-290: Building workspace] INFO  o.e.m.c.i.embedder.EclipseLogger - Copying 3 resources
2020-01-23 16:12:47,471 [Worker-290: Building workspace] INFO  o.e.m.c.i.embedder.EclipseLogger - Copying 234 resources
2020-01-23 16:12:47,503 [Worker-290: Building workspace] INFO  o.e.m.c.i.embedder.EclipseLogger - Using 'UTF-8' encoding to copy filtered resources.
2020-01-23 16:12:47,503 [Worker-290: Building workspace] INFO  o.e.m.c.i.embedder.EclipseLogger - skip non existing resourceDirectory C:\Users\curso\Desktop\Robotics\Robotics\src\test\resources
2020-01-23 16:13:11,629 [Worker-292: Building workspace] INFO  o.e.m.c.i.embedder.EclipseLogger - Using 'UTF-8' encoding to copy filtered resources.
2020-01-23 16:13:11,667 [Worker-292: Building workspace] INFO  o.e.m.c.i.embedder.EclipseLogger - Copying 3 resources
2020-01-23 16:13:11,714 [Worker-292: Building workspace] INFO  o.e.m.c.i.embedder.EclipseLogger - Copying 234 resources
2020-01-23 16:13:11,760 [Worker-292: Building workspace] INFO  o.e.m.c.i.embedder.EclipseLogger - Using 'UTF-8' encoding to copy filtered resources.
2020-01-23 16:13:11,761 [Worker-292: Building workspace] INFO  o.e.m.c.i.embedder.EclipseLogger - skip non existing resourceDirectory C:\Users\curso\Desktop\Robotics\Robotics\src\test\resources
2020-01-23 16:13:12,936 [Worker-290: Building workspace] INFO  o.e.m.c.i.embedder.EclipseLogger - Using 'UTF-8' encoding to copy filtered resources.
2020-01-23 16:13:12,973 [Worker-290: Building workspace] INFO  o.e.m.c.i.embedder.EclipseLogger - Copying 3 resources
2020-01-23 16:13:13,008 [Worker-290: Building workspace] INFO  o.e.m.c.i.embedder.EclipseLogger - Copying 234 resources
2020-01-23 16:13:13,053 [Worker-290: Building workspace] INFO  o.e.m.c.i.embedder.EclipseLogger - Using 'UTF-8' encoding to copy filtered resources.
2020-01-23 16:13:13,054 [Worker-290: Building workspace] INFO  o.e.m.c.i.embedder.EclipseLogger - skip non existing resourceDirectory C:\Users\curso\Desktop\Robotics\Robotics\src\test\resources
2020-01-23 16:13:28,619 [Worker-290: Building workspace] INFO  o.e.m.c.i.embedder.EclipseLogger - Using 'UTF-8' encoding to copy filtered resources.
2020-01-23 16:13:28,620 [Worker-290: Building workspace] INFO  o.e.m.c.i.embedder.EclipseLogger - Copying 3 resources
2020-01-23 16:13:28,629 [Worker-290: Building workspace] INFO  o.e.m.c.i.embedder.EclipseLogger - Copying 234 resources
2020-01-23 16:13:30,733 [Worker-290: Building workspace] INFO  o.e.m.c.i.embedder.EclipseLogger - Using 'UTF-8' encoding to copy filtered resources.
2020-01-23 16:13:30,733 [Worker-290: Building workspace] INFO  o.e.m.c.i.embedder.EclipseLogger - skip non existing resourceDirectory C:\Users\curso\Desktop\Robotics\Robotics\src\test\resources
2020-01-23 16:14:55,955 [Worker-294: Building workspace] INFO  o.e.m.c.i.embedder.EclipseLogger - Using 'UTF-8' encoding to copy filtered resources.
2020-01-23 16:14:55,978 [Worker-294: Building workspace] INFO  o.e.m.c.i.embedder.EclipseLogger - Copying 3 resources
2020-01-23 16:14:56,019 [Worker-294: Building workspace] INFO  o.e.m.c.i.embedder.EclipseLogger - Copying 234 resources
2020-01-23 16:14:56,053 [Worker-294: Building workspace] INFO  o.e.m.c.i.embedder.EclipseLogger - Using 'UTF-8' encoding to copy filtered resources.
2020-01-23 16:14:56,054 [Worker-294: Building workspace] INFO  o.e.m.c.i.embedder.EclipseLogger - skip non existing resourceDirectory C:\Users\curso\Desktop\Robotics\Robotics\src\test\resources
2020-01-23 16:16:10,478 [Worker-293: Building workspace] INFO  o.e.m.c.i.embedder.EclipseLogger - Using 'UTF-8' encoding to copy filtered resources.
2020-01-23 16:16:10,509 [Worker-293: Building workspace] INFO  o.e.m.c.i.embedder.EclipseLogger - Copying 3 resources
2020-01-23 16:16:10,540 [Worker-293: Building workspace] INFO  o.e.m.c.i.embedder.EclipseLogger - Copying 234 resources
2020-01-23 16:16:10,571 [Worker-293: Building workspace] INFO  o.e.m.c.i.embedder.EclipseLogger - Using 'UTF-8' encoding to copy filtered resources.
2020-01-23 16:16:10,572 [Worker-293: Building workspace] INFO  o.e.m.c.i.embedder.EclipseLogger - skip non existing resourceDirectory C:\Users\curso\Desktop\Robotics\Robotics\src\test\resources
2020-01-23 16:17:12,544 [Worker-296: Building workspace] INFO  o.e.m.c.i.embedder.EclipseLogger - Using 'UTF-8' encoding to copy filtered resources.
2020-01-23 16:17:12,545 [Worker-296: Building workspace] INFO  o.e.m.c.i.embedder.EclipseLogger - Copying 3 resources
2020-01-23 16:17:12,555 [Worker-296: Building workspace] INFO  o.e.m.c.i.embedder.EclipseLogger - Copying 234 resources
2020-01-23 16:17:14,729 [Worker-296: Building workspace] INFO  o.e.m.c.i.embedder.EclipseLogger - Using 'UTF-8' encoding to copy filtered resources.
2020-01-23 16:17:14,730 [Worker-296: Building workspace] INFO  o.e.m.c.i.embedder.EclipseLogger - skip non existing resourceDirectory C:\Users\curso\Desktop\Robotics\Robotics\src\test\resources
2020-01-23 16:18:44,559 [Worker-291: Building workspace] INFO  o.e.m.c.i.embedder.EclipseLogger - Using 'UTF-8' encoding to copy filtered resources.
2020-01-23 16:18:44,560 [Worker-291: Building workspace] INFO  o.e.m.c.i.embedder.EclipseLogger - Copying 3 resources
2020-01-23 16:18:44,579 [Worker-291: Building workspace] INFO  o.e.m.c.i.embedder.EclipseLogger - Copying 234 resources
2020-01-23 16:18:46,846 [Worker-291: Building workspace] INFO  o.e.m.c.i.embedder.EclipseLogger - Using 'UTF-8' encoding to copy filtered resources.
2020-01-23 16:18:46,846 [Worker-291: Building workspace] INFO  o.e.m.c.i.embedder.EclipseLogger - skip non existing resourceDirectory C:\Users\curso\Desktop\Robotics\Robotics\src\test\resources
2020-01-23 16:18:51,855 [Worker-290: Building workspace] INFO  o.e.m.c.i.embedder.EclipseLogger - Using 'UTF-8' encoding to copy filtered resources.
2020-01-23 16:18:51,856 [Worker-290: Building workspace] INFO  o.e.m.c.i.embedder.EclipseLogger - Copying 3 resources
2020-01-23 16:18:51,872 [Worker-290: Building workspace] INFO  o.e.m.c.i.embedder.EclipseLogger - Copying 234 resources
2020-01-23 16:18:54,131 [Worker-290: Building workspace] INFO  o.e.m.c.i.embedder.EclipseLogger - Using 'UTF-8' encoding to copy filtered resources.
2020-01-23 16:18:54,131 [Worker-290: Building workspace] INFO  o.e.m.c.i.embedder.EclipseLogger - skip non existing resourceDirectory C:\Users\curso\Desktop\Robotics\Robotics\src\test\resources
2020-01-23 16:23:40,159 [Worker-297: Building workspace] INFO  o.e.m.c.i.embedder.EclipseLogger - Using 'UTF-8' encoding to copy filtered resources.
2020-01-23 16:23:40,160 [Worker-297: Building workspace] INFO  o.e.m.c.i.embedder.EclipseLogger - Copying 3 resources
2020-01-23 16:23:40,176 [Worker-297: Building workspace] INFO  o.e.m.c.i.embedder.EclipseLogger - Copying 234 resources
2020-01-23 16:23:42,467 [Worker-297: Building workspace] INFO  o.e.m.c.i.embedder.EclipseLogger - Using 'UTF-8' encoding to copy filtered resources.
2020-01-23 16:23:42,467 [Worker-297: Building workspace] INFO  o.e.m.c.i.embedder.EclipseLogger - skip non existing resourceDirectory C:\Users\curso\Desktop\Robotics\Robotics\src\test\resources
2020-01-23 16:23:57,869 [Worker-297: Building workspace] INFO  o.e.m.c.i.embedder.EclipseLogger - Using 'UTF-8' encoding to copy filtered resources.
2020-01-23 16:23:57,870 [Worker-297: Building workspace] INFO  o.e.m.c.i.embedder.EclipseLogger - Copying 3 resources
2020-01-23 16:23:57,886 [Worker-297: Building workspace] INFO  o.e.m.c.i.embedder.EclipseLogger - Copying 234 resources
2020-01-23 16:24:00,060 [Worker-297: Building workspace] INFO  o.e.m.c.i.embedder.EclipseLogger - Using 'UTF-8' encoding to copy filtered resources.
2020-01-23 16:24:00,060 [Worker-297: Building workspace] INFO  o.e.m.c.i.embedder.EclipseLogger - skip non existing resourceDirectory C:\Users\curso\Desktop\Robotics\Robotics\src\test\resources
2020-01-23 16:27:20,434 [Worker-301: Building workspace] INFO  o.e.m.c.i.embedder.EclipseLogger - Using 'UTF-8' encoding to copy filtered resources.
2020-01-23 16:27:20,435 [Worker-301: Building workspace] INFO  o.e.m.c.i.embedder.EclipseLogger - Copying 3 resources
2020-01-23 16:27:20,450 [Worker-301: Building workspace] INFO  o.e.m.c.i.embedder.EclipseLogger - Copying 234 resources
2020-01-23 16:27:22,555 [Worker-301: Building workspace] INFO  o.e.m.c.i.embedder.EclipseLogger - Using 'UTF-8' encoding to copy filtered resources.
2020-01-23 16:27:22,555 [Worker-301: Building workspace] INFO  o.e.m.c.i.embedder.EclipseLogger - skip non existing resourceDirectory C:\Users\curso\Desktop\Robotics\Robotics\src\test\resources
2020-01-23 16:32:40,450 [Worker-303: Building workspace] INFO  o.e.m.c.i.embedder.EclipseLogger - Using 'UTF-8' encoding to copy filtered resources.
2020-01-23 16:32:40,451 [Worker-303: Building workspace] INFO  o.e.m.c.i.embedder.EclipseLogger - Copying 3 resources
2020-01-23 16:32:40,469 [Worker-303: Building workspace] INFO  o.e.m.c.i.embedder.EclipseLogger - Copying 234 resources
2020-01-23 16:32:42,698 [Worker-303: Building workspace] INFO  o.e.m.c.i.embedder.EclipseLogger - Using 'UTF-8' encoding to copy filtered resources.
2020-01-23 16:32:42,698 [Worker-303: Building workspace] INFO  o.e.m.c.i.embedder.EclipseLogger - skip non existing resourceDirectory C:\Users\curso\Desktop\Robotics\Robotics\src\test\resources
2020-01-23 16:43:47,748 [Worker-311: Building workspace] INFO  o.e.m.c.i.embedder.EclipseLogger - Using 'UTF-8' encoding to copy filtered resources.
2020-01-23 16:43:47,749 [Worker-311: Building workspace] INFO  o.e.m.c.i.embedder.EclipseLogger - Copying 0 resource
2020-01-23 16:43:47,750 [Worker-311: Building workspace] INFO  o.e.m.c.i.embedder.EclipseLogger - Copying 1 resource
2020-01-23 16:43:47,802 [Worker-311: Building workspace] INFO  o.e.m.c.i.embedder.EclipseLogger - Using 'UTF-8' encoding to copy filtered resources.
2020-01-23 16:43:47,802 [Worker-311: Building workspace] INFO  o.e.m.c.i.embedder.EclipseLogger - skip non existing resourceDirectory C:\Users\curso\Desktop\Robotics\Robotics\src\test\resources
2020-01-23 16:44:29,545 [Worker-311: Building workspace] INFO  o.e.m.c.i.embedder.EclipseLogger - Using 'UTF-8' encoding to copy filtered resources.
2020-01-23 16:44:29,566 [Worker-311: Building workspace] INFO  o.e.m.c.i.embedder.EclipseLogger - Copying 3 resources
2020-01-23 16:44:29,602 [Worker-311: Building workspace] INFO  o.e.m.c.i.embedder.EclipseLogger - Copying 234 resources
2020-01-23 16:44:29,630 [Worker-311: Building workspace] INFO  o.e.m.c.i.embedder.EclipseLogger - Using 'UTF-8' encoding to copy filtered resources.
2020-01-23 16:44:29,631 [Worker-311: Building workspace] INFO  o.e.m.c.i.embedder.EclipseLogger - skip non existing resourceDirectory C:\Users\curso\Desktop\Robotics\Robotics\src\test\resources
2020-01-23 16:44:35,085 [Worker-313: Building workspace] INFO  o.e.m.c.i.embedder.EclipseLogger - Using 'UTF-8' encoding to copy filtered resources.
2020-01-23 16:44:35,086 [Worker-313: Building workspace] INFO  o.e.m.c.i.embedder.EclipseLogger - Copying 3 resources
2020-01-23 16:44:35,095 [Worker-313: Building workspace] INFO  o.e.m.c.i.embedder.EclipseLogger - Copying 234 resources
2020-01-23 16:44:37,153 [Worker-313: Building workspace] INFO  o.e.m.c.i.embedder.EclipseLogger - Using 'UTF-8' encoding to copy filtered resources.
2020-01-23 16:44:37,154 [Worker-313: Building workspace] INFO  o.e.m.c.i.embedder.EclipseLogger - skip non existing resourceDirectory C:\Users\curso\Desktop\Robotics\Robotics\src\test\resources
2020-01-23 16:47:11,081 [Worker-314: Building workspace] INFO  o.e.m.c.i.embedder.EclipseLogger - Using 'UTF-8' encoding to copy filtered resources.
2020-01-23 16:47:11,106 [Worker-314: Building workspace] INFO  o.e.m.c.i.embedder.EclipseLogger - Copying 3 resources
2020-01-23 16:47:11,141 [Worker-314: Building workspace] INFO  o.e.m.c.i.embedder.EclipseLogger - Copying 234 resources
2020-01-23 16:47:11,169 [Worker-314: Building workspace] INFO  o.e.m.c.i.embedder.EclipseLogger - Using 'UTF-8' encoding to copy filtered resources.
2020-01-23 16:47:11,169 [Worker-314: Building workspace] INFO  o.e.m.c.i.embedder.EclipseLogger - skip non existing resourceDirectory C:\Users\curso\Desktop\Robotics\Robotics\src\test\resources
2020-01-23 16:50:02,497 [Worker-319: Building workspace] INFO  o.e.m.c.i.embedder.EclipseLogger - Using 'UTF-8' encoding to copy filtered resources.
2020-01-23 16:50:02,498 [Worker-319: Building workspace] INFO  o.e.m.c.i.embedder.EclipseLogger - Copying 3 resources
2020-01-23 16:50:02,506 [Worker-319: Building workspace] INFO  o.e.m.c.i.embedder.EclipseLogger - Copying 234 resources
2020-01-23 16:50:04,494 [Worker-319: Building workspace] INFO  o.e.m.c.i.embedder.EclipseLogger - Using 'UTF-8' encoding to copy filtered resources.
2020-01-23 16:50:04,494 [Worker-319: Building workspace] INFO  o.e.m.c.i.embedder.EclipseLogger - skip non existing resourceDirectory C:\Users\curso\Desktop\Robotics\Robotics\src\test\resources
2020-01-23 16:51:59,888 [Worker-322: Building workspace] INFO  o.e.m.c.i.embedder.EclipseLogger - Using 'UTF-8' encoding to copy filtered resources.
2020-01-23 16:51:59,889 [Worker-322: Building workspace] INFO  o.e.m.c.i.embedder.EclipseLogger - Copying 3 resources
2020-01-23 16:51:59,905 [Worker-322: Building workspace] INFO  o.e.m.c.i.embedder.EclipseLogger - Copying 234 resources
2020-01-23 16:52:02,017 [Worker-322: Building workspace] INFO  o.e.m.c.i.embedder.EclipseLogger - Using 'UTF-8' encoding to copy filtered resources.
2020-01-23 16:52:02,017 [Worker-322: Building workspace] INFO  o.e.m.c.i.embedder.EclipseLogger - skip non existing resourceDirectory C:\Users\curso\Desktop\Robotics\Robotics\src\test\resources
2020-01-23 16:59:49,378 [Worker-331: Building workspace] INFO  o.e.m.c.i.embedder.EclipseLogger - Using 'UTF-8' encoding to copy filtered resources.
2020-01-23 16:59:49,379 [Worker-331: Building workspace] INFO  o.e.m.c.i.embedder.EclipseLogger - Copying 3 resources
2020-01-23 16:59:49,394 [Worker-331: Building workspace] INFO  o.e.m.c.i.embedder.EclipseLogger - Copying 234 resources
2020-01-23 16:59:51,484 [Worker-331: Building workspace] INFO  o.e.m.c.i.embedder.EclipseLogger - Using 'UTF-8' encoding to copy filtered resources.
2020-01-23 16:59:51,484 [Worker-331: Building workspace] INFO  o.e.m.c.i.embedder.EclipseLogger - skip non existing resourceDirectory C:\Users\curso\Desktop\Robotics\Robotics\src\test\resources
2020-01-23 17:02:13,999 [Worker-331: Building workspace] INFO  o.e.m.c.i.embedder.EclipseLogger - Using 'UTF-8' encoding to copy filtered resources.
2020-01-23 17:02:14,024 [Worker-331: Building workspace] INFO  o.e.m.c.i.embedder.EclipseLogger - Copying 3 resources
2020-01-23 17:02:14,060 [Worker-331: Building workspace] INFO  o.e.m.c.i.embedder.EclipseLogger - Copying 234 resources
2020-01-23 17:02:14,090 [Worker-331: Building workspace] INFO  o.e.m.c.i.embedder.EclipseLogger - Using 'UTF-8' encoding to copy filtered resources.
2020-01-23 17:02:14,090 [Worker-331: Building workspace] INFO  o.e.m.c.i.embedder.EclipseLogger - skip non existing resourceDirectory C:\Users\curso\Desktop\Robotics\Robotics\src\test\resources
